---------------------------------------------------------------

[2024-10-19T21:34:34+08:00] 127.0.0.1 GET 127.0.0.1:8090/hackgame/public/index.php
[运行时间：0.022283s] [吞吐率：44.88req/s] [内存消耗：1,682.09kb] [文件加载：56]
[ info ] [ LANG ] G:\WWWROOT\hackgame\thinkphp\lang\zh-cn.php
[ info ] [ ROUTE ] array (
)
[ info ] [ HEADER ] array (
  'accept-language' => 'zh-CN,zh;q=0.9,en;q=0.8,en-GB;q=0.7,en-US;q=0.6',
  'accept-encoding' => 'gzip, deflate, br',
  'sec-fetch-dest' => 'document',
  'sec-fetch-user' => '?1',
  'sec-fetch-mode' => 'navigate',
  'sec-fetch-site' => 'none',
  'accept' => 'text/html,application/xhtml+xml,application/xml;q=0.9,image/webp,image/apng,*/*;q=0.8,application/signed-exchange;v=b3;q=0.7',
  'user-agent' => 'Mozilla/5.0 (Windows NT 10.0; Win64; x64) AppleWebKit/537.36 (KHTML, like Gecko) Chrome/116.0.0.0 Safari/537.36 Edg/116.0.1938.69',
  'upgrade-insecure-requests' => '1',
  'sec-ch-ua-platform' => '"Windows"',
  'sec-ch-ua-mobile' => '?0',
  'sec-ch-ua' => '"Chromium";v="116", "Not)A;Brand";v="24", "Microsoft Edge";v="116"',
  'connection' => 'close',
  'host' => '127.0.0.1:8090',
)
[ info ] [ PARAM ] array (
)
---------------------------------------------------------------

[2024-10-19T21:39:44+08:00] 127.0.0.1 GET 127.0.0.1:8090/hackgame/index.php
[运行时间：0.018912s] [吞吐率：52.88req/s] [内存消耗：1,681.46kb] [文件加载：56]
[ info ] [ LANG ] G:\WWWROOT\hackgame\thinkphp\lang\zh-cn.php
[ info ] [ ROUTE ] array (
)
[ info ] [ HEADER ] array (
  'accept-language' => 'zh-CN,zh;q=0.9,en;q=0.8,en-GB;q=0.7,en-US;q=0.6',
  'accept-encoding' => 'gzip, deflate, br',
  'sec-fetch-dest' => 'document',
  'sec-fetch-user' => '?1',
  'sec-fetch-mode' => 'navigate',
  'sec-fetch-site' => 'none',
  'accept' => 'text/html,application/xhtml+xml,application/xml;q=0.9,image/webp,image/apng,*/*;q=0.8,application/signed-exchange;v=b3;q=0.7',
  'user-agent' => 'Mozilla/5.0 (Windows NT 10.0; Win64; x64) AppleWebKit/537.36 (KHTML, like Gecko) Chrome/116.0.0.0 Safari/537.36 Edg/116.0.1938.69',
  'upgrade-insecure-requests' => '1',
  'sec-ch-ua-platform' => '"Windows"',
  'sec-ch-ua-mobile' => '?0',
  'sec-ch-ua' => '"Chromium";v="116", "Not)A;Brand";v="24", "Microsoft Edge";v="116"',
  'cache-control' => 'max-age=0',
  'connection' => 'close',
  'host' => '127.0.0.1:8090',
)
[ info ] [ PARAM ] array (
)
---------------------------------------------------------------

[2024-10-19T21:40:46+08:00] 127.0.0.1 GET 127.0.0.1:8090/hackgame/index.php
[运行时间：0.016593s] [吞吐率：60.27req/s] [内存消耗：1,681.46kb] [文件加载：56]
[ info ] [ LANG ] G:\WWWROOT\hackgame\thinkphp\lang\zh-cn.php
[ info ] [ ROUTE ] array (
)
[ info ] [ HEADER ] array (
  'accept-language' => 'zh-CN,zh;q=0.9,en;q=0.8,en-GB;q=0.7,en-US;q=0.6',
  'accept-encoding' => 'gzip, deflate, br',
  'sec-fetch-dest' => 'document',
  'sec-fetch-user' => '?1',
  'sec-fetch-mode' => 'navigate',
  'sec-fetch-site' => 'none',
  'accept' => 'text/html,application/xhtml+xml,application/xml;q=0.9,image/webp,image/apng,*/*;q=0.8,application/signed-exchange;v=b3;q=0.7',
  'user-agent' => 'Mozilla/5.0 (Windows NT 10.0; Win64; x64) AppleWebKit/537.36 (KHTML, like Gecko) Chrome/116.0.0.0 Safari/537.36 Edg/116.0.1938.69',
  'upgrade-insecure-requests' => '1',
  'sec-ch-ua-platform' => '"Windows"',
  'sec-ch-ua-mobile' => '?0',
  'sec-ch-ua' => '"Chromium";v="116", "Not)A;Brand";v="24", "Microsoft Edge";v="116"',
  'cache-control' => 'max-age=0',
  'connection' => 'close',
  'host' => '127.0.0.1:8090',
)
[ info ] [ PARAM ] array (
)
---------------------------------------------------------------

[2024-10-19T22:31:46+08:00] 127.0.0.1 GET 127.0.0.1:8090/hackgame/start.php
[运行时间：0.020542s] [吞吐率：48.68req/s] [内存消耗：1,681.38kb] [文件加载：56]
[ info ] [ LANG ] G:\WWWROOT\hackgame\thinkphp\lang\zh-cn.php
[ info ] [ ROUTE ] array (
)
[ info ] [ HEADER ] array (
  'accept-language' => 'zh-CN,zh;q=0.9,en;q=0.8,en-GB;q=0.7,en-US;q=0.6',
  'accept-encoding' => 'gzip, deflate, br',
  'sec-fetch-dest' => 'document',
  'sec-fetch-user' => '?1',
  'sec-fetch-mode' => 'navigate',
  'sec-fetch-site' => 'none',
  'accept' => 'text/html,application/xhtml+xml,application/xml;q=0.9,image/webp,image/apng,*/*;q=0.8,application/signed-exchange;v=b3;q=0.7',
  'user-agent' => 'Mozilla/5.0 (Windows NT 10.0; Win64; x64) AppleWebKit/537.36 (KHTML, like Gecko) Chrome/116.0.0.0 Safari/537.36 Edg/116.0.1938.69',
  'upgrade-insecure-requests' => '1',
  'sec-ch-ua-platform' => '"Windows"',
  'sec-ch-ua-mobile' => '?0',
  'sec-ch-ua' => '"Chromium";v="116", "Not)A;Brand";v="24", "Microsoft Edge";v="116"',
  'connection' => 'close',
  'host' => '127.0.0.1:8090',
)
[ info ] [ PARAM ] array (
)
---------------------------------------------------------------

[2024-10-19T22:36:55+08:00] 127.0.0.1 GET 127.0.0.1:8090/hackgame/start.php
[运行时间：0.023005s] [吞吐率：43.47req/s] [内存消耗：1,731.45kb] [文件加载：60]
[ info ] [ LANG ] G:\WWWROOT\hackgame\thinkphp\lang\zh-cn.php
[ info ] [ ROUTE ] array (
)
[ info ] [ HEADER ] array (
  'accept-language' => 'zh-CN,zh;q=0.9,en;q=0.8,en-GB;q=0.7,en-US;q=0.6',
  'accept-encoding' => 'gzip, deflate, br',
  'sec-fetch-dest' => 'document',
  'sec-fetch-user' => '?1',
  'sec-fetch-mode' => 'navigate',
  'sec-fetch-site' => 'none',
  'accept' => 'text/html,application/xhtml+xml,application/xml;q=0.9,image/webp,image/apng,*/*;q=0.8,application/signed-exchange;v=b3;q=0.7',
  'user-agent' => 'Mozilla/5.0 (Windows NT 10.0; Win64; x64) AppleWebKit/537.36 (KHTML, like Gecko) Chrome/116.0.0.0 Safari/537.36 Edg/116.0.1938.69',
  'upgrade-insecure-requests' => '1',
  'sec-ch-ua-platform' => '"Windows"',
  'sec-ch-ua-mobile' => '?0',
  'sec-ch-ua' => '"Chromium";v="116", "Not)A;Brand";v="24", "Microsoft Edge";v="116"',
  'cache-control' => 'max-age=0',
  'connection' => 'close',
  'host' => '127.0.0.1:8090',
)
[ info ] [ PARAM ] array (
)
[ error ] [0]致命错误: Class 'org\MailClass' not found[G:\WWWROOT\hackgame\app\index\controller\Index.php:10]
---------------------------------------------------------------

[2024-10-19T22:38:15+08:00] 127.0.0.1 GET 127.0.0.1:8090/hackgame/start.php
[运行时间：0.018815s] [吞吐率：53.15req/s] [内存消耗：1,731.45kb] [文件加载：60]
[ info ] [ LANG ] G:\WWWROOT\hackgame\thinkphp\lang\zh-cn.php
[ info ] [ ROUTE ] array (
)
[ info ] [ HEADER ] array (
  'accept-language' => 'zh-CN,zh;q=0.9,en;q=0.8,en-GB;q=0.7,en-US;q=0.6',
  'accept-encoding' => 'gzip, deflate, br',
  'sec-fetch-dest' => 'document',
  'sec-fetch-user' => '?1',
  'sec-fetch-mode' => 'navigate',
  'sec-fetch-site' => 'none',
  'accept' => 'text/html,application/xhtml+xml,application/xml;q=0.9,image/webp,image/apng,*/*;q=0.8,application/signed-exchange;v=b3;q=0.7',
  'user-agent' => 'Mozilla/5.0 (Windows NT 10.0; Win64; x64) AppleWebKit/537.36 (KHTML, like Gecko) Chrome/116.0.0.0 Safari/537.36 Edg/116.0.1938.69',
  'upgrade-insecure-requests' => '1',
  'sec-ch-ua-platform' => '"Windows"',
  'sec-ch-ua-mobile' => '?0',
  'sec-ch-ua' => '"Chromium";v="116", "Not)A;Brand";v="24", "Microsoft Edge";v="116"',
  'cache-control' => 'max-age=0',
  'connection' => 'close',
  'host' => '127.0.0.1:8090',
)
[ info ] [ PARAM ] array (
)
[ error ] [0]致命错误: Class 'Org\MailClass' not found[G:\WWWROOT\hackgame\app\index\controller\Index.php:10]
---------------------------------------------------------------

[2024-10-19T22:38:24+08:00] 127.0.0.1 GET 127.0.0.1:8090/hackgame/start.php
[运行时间：0.017621s] [吞吐率：56.75req/s] [内存消耗：1,731.45kb] [文件加载：60]
[ info ] [ LANG ] G:\WWWROOT\hackgame\thinkphp\lang\zh-cn.php
[ info ] [ ROUTE ] array (
)
[ info ] [ HEADER ] array (
  'accept-language' => 'zh-CN,zh;q=0.9,en;q=0.8,en-GB;q=0.7,en-US;q=0.6',
  'accept-encoding' => 'gzip, deflate, br',
  'sec-fetch-dest' => 'document',
  'sec-fetch-user' => '?1',
  'sec-fetch-mode' => 'navigate',
  'sec-fetch-site' => 'none',
  'accept' => 'text/html,application/xhtml+xml,application/xml;q=0.9,image/webp,image/apng,*/*;q=0.8,application/signed-exchange;v=b3;q=0.7',
  'user-agent' => 'Mozilla/5.0 (Windows NT 10.0; Win64; x64) AppleWebKit/537.36 (KHTML, like Gecko) Chrome/116.0.0.0 Safari/537.36 Edg/116.0.1938.69',
  'upgrade-insecure-requests' => '1',
  'sec-ch-ua-platform' => '"Windows"',
  'sec-ch-ua-mobile' => '?0',
  'sec-ch-ua' => '"Chromium";v="116", "Not)A;Brand";v="24", "Microsoft Edge";v="116"',
  'cache-control' => 'max-age=0',
  'connection' => 'close',
  'host' => '127.0.0.1:8090',
)
[ info ] [ PARAM ] array (
)
[ error ] [0]致命错误: Class 'Org\MailClass' not found[G:\WWWROOT\hackgame\app\index\controller\Index.php:10]
---------------------------------------------------------------

[2024-10-19T22:38:25+08:00] 127.0.0.1 GET 127.0.0.1:8090/hackgame/start.php
[运行时间：0.017472s] [吞吐率：57.23req/s] [内存消耗：1,731.45kb] [文件加载：60]
[ info ] [ LANG ] G:\WWWROOT\hackgame\thinkphp\lang\zh-cn.php
[ info ] [ ROUTE ] array (
)
[ info ] [ HEADER ] array (
  'accept-language' => 'zh-CN,zh;q=0.9,en;q=0.8,en-GB;q=0.7,en-US;q=0.6',
  'accept-encoding' => 'gzip, deflate, br',
  'sec-fetch-dest' => 'document',
  'sec-fetch-user' => '?1',
  'sec-fetch-mode' => 'navigate',
  'sec-fetch-site' => 'none',
  'accept' => 'text/html,application/xhtml+xml,application/xml;q=0.9,image/webp,image/apng,*/*;q=0.8,application/signed-exchange;v=b3;q=0.7',
  'user-agent' => 'Mozilla/5.0 (Windows NT 10.0; Win64; x64) AppleWebKit/537.36 (KHTML, like Gecko) Chrome/116.0.0.0 Safari/537.36 Edg/116.0.1938.69',
  'upgrade-insecure-requests' => '1',
  'sec-ch-ua-platform' => '"Windows"',
  'sec-ch-ua-mobile' => '?0',
  'sec-ch-ua' => '"Chromium";v="116", "Not)A;Brand";v="24", "Microsoft Edge";v="116"',
  'cache-control' => 'max-age=0',
  'connection' => 'close',
  'host' => '127.0.0.1:8090',
)
[ info ] [ PARAM ] array (
)
[ error ] [0]致命错误: Class 'Org\MailClass' not found[G:\WWWROOT\hackgame\app\index\controller\Index.php:10]
---------------------------------------------------------------

[2024-10-19T22:38:49+08:00] 127.0.0.1 GET 127.0.0.1:8090/hackgame/start.php
[运行时间：0.020104s] [吞吐率：49.74req/s] [内存消耗：1,731.45kb] [文件加载：60]
[ info ] [ LANG ] G:\WWWROOT\hackgame\thinkphp\lang\zh-cn.php
[ info ] [ ROUTE ] array (
)
[ info ] [ HEADER ] array (
  'accept-language' => 'zh-CN,zh;q=0.9,en;q=0.8,en-GB;q=0.7,en-US;q=0.6',
  'accept-encoding' => 'gzip, deflate, br',
  'sec-fetch-dest' => 'document',
  'sec-fetch-user' => '?1',
  'sec-fetch-mode' => 'navigate',
  'sec-fetch-site' => 'none',
  'accept' => 'text/html,application/xhtml+xml,application/xml;q=0.9,image/webp,image/apng,*/*;q=0.8,application/signed-exchange;v=b3;q=0.7',
  'user-agent' => 'Mozilla/5.0 (Windows NT 10.0; Win64; x64) AppleWebKit/537.36 (KHTML, like Gecko) Chrome/116.0.0.0 Safari/537.36 Edg/116.0.1938.69',
  'upgrade-insecure-requests' => '1',
  'sec-ch-ua-platform' => '"Windows"',
  'sec-ch-ua-mobile' => '?0',
  'sec-ch-ua' => '"Chromium";v="116", "Not)A;Brand";v="24", "Microsoft Edge";v="116"',
  'cache-control' => 'max-age=0',
  'connection' => 'close',
  'host' => '127.0.0.1:8090',
)
[ info ] [ PARAM ] array (
)
[ error ] [0]致命错误: Class 'Org\MailClass' not found[G:\WWWROOT\hackgame\app\index\controller\Index.php:8]
---------------------------------------------------------------

[2024-10-19T22:39:56+08:00] 127.0.0.1 GET 127.0.0.1:8090/hackgame/start.php
[运行时间：0.025481s] [吞吐率：39.24req/s] [内存消耗：1,731.45kb] [文件加载：60]
[ info ] [ LANG ] G:\WWWROOT\hackgame\thinkphp\lang\zh-cn.php
[ info ] [ ROUTE ] array (
)
[ info ] [ HEADER ] array (
  'accept-language' => 'zh-CN,zh;q=0.9,en;q=0.8,en-GB;q=0.7,en-US;q=0.6',
  'accept-encoding' => 'gzip, deflate, br',
  'sec-fetch-dest' => 'document',
  'sec-fetch-user' => '?1',
  'sec-fetch-mode' => 'navigate',
  'sec-fetch-site' => 'none',
  'accept' => 'text/html,application/xhtml+xml,application/xml;q=0.9,image/webp,image/apng,*/*;q=0.8,application/signed-exchange;v=b3;q=0.7',
  'user-agent' => 'Mozilla/5.0 (Windows NT 10.0; Win64; x64) AppleWebKit/537.36 (KHTML, like Gecko) Chrome/116.0.0.0 Safari/537.36 Edg/116.0.1938.69',
  'upgrade-insecure-requests' => '1',
  'sec-ch-ua-platform' => '"Windows"',
  'sec-ch-ua-mobile' => '?0',
  'sec-ch-ua' => '"Chromium";v="116", "Not)A;Brand";v="24", "Microsoft Edge";v="116"',
  'cache-control' => 'max-age=0',
  'connection' => 'close',
  'host' => '127.0.0.1:8090',
)
[ info ] [ PARAM ] array (
)
[ error ] [0]致命错误: Class 'Org\Mail' not found[G:\WWWROOT\hackgame\app\index\controller\Index.php:8]
---------------------------------------------------------------

[2024-10-19T22:39:56+08:00] 127.0.0.1 GET 127.0.0.1:8090/hackgame/start.php
[运行时间：0.018759s] [吞吐率：53.31req/s] [内存消耗：1,731.45kb] [文件加载：60]
[ info ] [ LANG ] G:\WWWROOT\hackgame\thinkphp\lang\zh-cn.php
[ info ] [ ROUTE ] array (
)
[ info ] [ HEADER ] array (
  'accept-language' => 'zh-CN,zh;q=0.9,en;q=0.8,en-GB;q=0.7,en-US;q=0.6',
  'accept-encoding' => 'gzip, deflate, br',
  'sec-fetch-dest' => 'document',
  'sec-fetch-user' => '?1',
  'sec-fetch-mode' => 'navigate',
  'sec-fetch-site' => 'none',
  'accept' => 'text/html,application/xhtml+xml,application/xml;q=0.9,image/webp,image/apng,*/*;q=0.8,application/signed-exchange;v=b3;q=0.7',
  'user-agent' => 'Mozilla/5.0 (Windows NT 10.0; Win64; x64) AppleWebKit/537.36 (KHTML, like Gecko) Chrome/116.0.0.0 Safari/537.36 Edg/116.0.1938.69',
  'upgrade-insecure-requests' => '1',
  'sec-ch-ua-platform' => '"Windows"',
  'sec-ch-ua-mobile' => '?0',
  'sec-ch-ua' => '"Chromium";v="116", "Not)A;Brand";v="24", "Microsoft Edge";v="116"',
  'cache-control' => 'max-age=0',
  'connection' => 'close',
  'host' => '127.0.0.1:8090',
)
[ info ] [ PARAM ] array (
)
[ error ] [0]致命错误: Class 'Org\Mail' not found[G:\WWWROOT\hackgame\app\index\controller\Index.php:8]
---------------------------------------------------------------

[2024-10-19T22:39:57+08:00] 127.0.0.1 GET 127.0.0.1:8090/hackgame/start.php
[运行时间：0.060974s] [吞吐率：16.40req/s] [内存消耗：1,731.45kb] [文件加载：60]
[ info ] [ LANG ] G:\WWWROOT\hackgame\thinkphp\lang\zh-cn.php
[ info ] [ ROUTE ] array (
)
[ info ] [ HEADER ] array (
  'accept-language' => 'zh-CN,zh;q=0.9,en;q=0.8,en-GB;q=0.7,en-US;q=0.6',
  'accept-encoding' => 'gzip, deflate, br',
  'sec-fetch-dest' => 'document',
  'sec-fetch-user' => '?1',
  'sec-fetch-mode' => 'navigate',
  'sec-fetch-site' => 'none',
  'accept' => 'text/html,application/xhtml+xml,application/xml;q=0.9,image/webp,image/apng,*/*;q=0.8,application/signed-exchange;v=b3;q=0.7',
  'user-agent' => 'Mozilla/5.0 (Windows NT 10.0; Win64; x64) AppleWebKit/537.36 (KHTML, like Gecko) Chrome/116.0.0.0 Safari/537.36 Edg/116.0.1938.69',
  'upgrade-insecure-requests' => '1',
  'sec-ch-ua-platform' => '"Windows"',
  'sec-ch-ua-mobile' => '?0',
  'sec-ch-ua' => '"Chromium";v="116", "Not)A;Brand";v="24", "Microsoft Edge";v="116"',
  'cache-control' => 'max-age=0',
  'connection' => 'close',
  'host' => '127.0.0.1:8090',
)
[ info ] [ PARAM ] array (
)
[ error ] [0]致命错误: Class 'Org\Mail' not found[G:\WWWROOT\hackgame\app\index\controller\Index.php:8]
---------------------------------------------------------------

[2024-10-19T22:39:57+08:00] 127.0.0.1 GET 127.0.0.1:8090/hackgame/start.php
[运行时间：0.020213s] [吞吐率：49.47req/s] [内存消耗：1,731.45kb] [文件加载：60]
[ info ] [ LANG ] G:\WWWROOT\hackgame\thinkphp\lang\zh-cn.php
[ info ] [ ROUTE ] array (
)
[ info ] [ HEADER ] array (
  'accept-language' => 'zh-CN,zh;q=0.9,en;q=0.8,en-GB;q=0.7,en-US;q=0.6',
  'accept-encoding' => 'gzip, deflate, br',
  'sec-fetch-dest' => 'document',
  'sec-fetch-user' => '?1',
  'sec-fetch-mode' => 'navigate',
  'sec-fetch-site' => 'none',
  'accept' => 'text/html,application/xhtml+xml,application/xml;q=0.9,image/webp,image/apng,*/*;q=0.8,application/signed-exchange;v=b3;q=0.7',
  'user-agent' => 'Mozilla/5.0 (Windows NT 10.0; Win64; x64) AppleWebKit/537.36 (KHTML, like Gecko) Chrome/116.0.0.0 Safari/537.36 Edg/116.0.1938.69',
  'upgrade-insecure-requests' => '1',
  'sec-ch-ua-platform' => '"Windows"',
  'sec-ch-ua-mobile' => '?0',
  'sec-ch-ua' => '"Chromium";v="116", "Not)A;Brand";v="24", "Microsoft Edge";v="116"',
  'cache-control' => 'max-age=0',
  'connection' => 'close',
  'host' => '127.0.0.1:8090',
)
[ info ] [ PARAM ] array (
)
[ error ] [0]致命错误: Class 'Org\Mail' not found[G:\WWWROOT\hackgame\app\index\controller\Index.php:8]
---------------------------------------------------------------

[2024-10-19T22:39:57+08:00] 127.0.0.1 GET 127.0.0.1:8090/hackgame/start.php
[运行时间：0.017132s] [吞吐率：58.37req/s] [内存消耗：1,731.45kb] [文件加载：60]
[ info ] [ LANG ] G:\WWWROOT\hackgame\thinkphp\lang\zh-cn.php
[ info ] [ ROUTE ] array (
)
[ info ] [ HEADER ] array (
  'accept-language' => 'zh-CN,zh;q=0.9,en;q=0.8,en-GB;q=0.7,en-US;q=0.6',
  'accept-encoding' => 'gzip, deflate, br',
  'sec-fetch-dest' => 'document',
  'sec-fetch-user' => '?1',
  'sec-fetch-mode' => 'navigate',
  'sec-fetch-site' => 'none',
  'accept' => 'text/html,application/xhtml+xml,application/xml;q=0.9,image/webp,image/apng,*/*;q=0.8,application/signed-exchange;v=b3;q=0.7',
  'user-agent' => 'Mozilla/5.0 (Windows NT 10.0; Win64; x64) AppleWebKit/537.36 (KHTML, like Gecko) Chrome/116.0.0.0 Safari/537.36 Edg/116.0.1938.69',
  'upgrade-insecure-requests' => '1',
  'sec-ch-ua-platform' => '"Windows"',
  'sec-ch-ua-mobile' => '?0',
  'sec-ch-ua' => '"Chromium";v="116", "Not)A;Brand";v="24", "Microsoft Edge";v="116"',
  'cache-control' => 'max-age=0',
  'connection' => 'close',
  'host' => '127.0.0.1:8090',
)
[ info ] [ PARAM ] array (
)
[ error ] [0]致命错误: Class 'Org\Mail' not found[G:\WWWROOT\hackgame\app\index\controller\Index.php:8]
---------------------------------------------------------------

[2024-10-19T22:39:57+08:00] 127.0.0.1 GET 127.0.0.1:8090/hackgame/start.php
[运行时间：0.019800s] [吞吐率：50.51req/s] [内存消耗：1,731.45kb] [文件加载：60]
[ info ] [ LANG ] G:\WWWROOT\hackgame\thinkphp\lang\zh-cn.php
[ info ] [ ROUTE ] array (
)
[ info ] [ HEADER ] array (
  'accept-language' => 'zh-CN,zh;q=0.9,en;q=0.8,en-GB;q=0.7,en-US;q=0.6',
  'accept-encoding' => 'gzip, deflate, br',
  'sec-fetch-dest' => 'document',
  'sec-fetch-user' => '?1',
  'sec-fetch-mode' => 'navigate',
  'sec-fetch-site' => 'none',
  'accept' => 'text/html,application/xhtml+xml,application/xml;q=0.9,image/webp,image/apng,*/*;q=0.8,application/signed-exchange;v=b3;q=0.7',
  'user-agent' => 'Mozilla/5.0 (Windows NT 10.0; Win64; x64) AppleWebKit/537.36 (KHTML, like Gecko) Chrome/116.0.0.0 Safari/537.36 Edg/116.0.1938.69',
  'upgrade-insecure-requests' => '1',
  'sec-ch-ua-platform' => '"Windows"',
  'sec-ch-ua-mobile' => '?0',
  'sec-ch-ua' => '"Chromium";v="116", "Not)A;Brand";v="24", "Microsoft Edge";v="116"',
  'cache-control' => 'max-age=0',
  'connection' => 'close',
  'host' => '127.0.0.1:8090',
)
[ info ] [ PARAM ] array (
)
[ error ] [0]致命错误: Class 'Org\Mail' not found[G:\WWWROOT\hackgame\app\index\controller\Index.php:8]
---------------------------------------------------------------

[2024-10-19T22:39:57+08:00] 127.0.0.1 GET 127.0.0.1:8090/hackgame/start.php
[运行时间：0.016877s] [吞吐率：59.25req/s] [内存消耗：1,731.45kb] [文件加载：60]
[ info ] [ LANG ] G:\WWWROOT\hackgame\thinkphp\lang\zh-cn.php
[ info ] [ ROUTE ] array (
)
[ info ] [ HEADER ] array (
  'accept-language' => 'zh-CN,zh;q=0.9,en;q=0.8,en-GB;q=0.7,en-US;q=0.6',
  'accept-encoding' => 'gzip, deflate, br',
  'sec-fetch-dest' => 'document',
  'sec-fetch-user' => '?1',
  'sec-fetch-mode' => 'navigate',
  'sec-fetch-site' => 'none',
  'accept' => 'text/html,application/xhtml+xml,application/xml;q=0.9,image/webp,image/apng,*/*;q=0.8,application/signed-exchange;v=b3;q=0.7',
  'user-agent' => 'Mozilla/5.0 (Windows NT 10.0; Win64; x64) AppleWebKit/537.36 (KHTML, like Gecko) Chrome/116.0.0.0 Safari/537.36 Edg/116.0.1938.69',
  'upgrade-insecure-requests' => '1',
  'sec-ch-ua-platform' => '"Windows"',
  'sec-ch-ua-mobile' => '?0',
  'sec-ch-ua' => '"Chromium";v="116", "Not)A;Brand";v="24", "Microsoft Edge";v="116"',
  'cache-control' => 'max-age=0',
  'connection' => 'close',
  'host' => '127.0.0.1:8090',
)
[ info ] [ PARAM ] array (
)
[ error ] [0]致命错误: Class 'Org\Mail' not found[G:\WWWROOT\hackgame\app\index\controller\Index.php:8]
---------------------------------------------------------------

[2024-10-19T22:39:58+08:00] 127.0.0.1 GET 127.0.0.1:8090/hackgame/start.php
[运行时间：0.018302s] [吞吐率：54.64req/s] [内存消耗：1,731.45kb] [文件加载：60]
[ info ] [ LANG ] G:\WWWROOT\hackgame\thinkphp\lang\zh-cn.php
[ info ] [ ROUTE ] array (
)
[ info ] [ HEADER ] array (
  'accept-language' => 'zh-CN,zh;q=0.9,en;q=0.8,en-GB;q=0.7,en-US;q=0.6',
  'accept-encoding' => 'gzip, deflate, br',
  'sec-fetch-dest' => 'document',
  'sec-fetch-user' => '?1',
  'sec-fetch-mode' => 'navigate',
  'sec-fetch-site' => 'none',
  'accept' => 'text/html,application/xhtml+xml,application/xml;q=0.9,image/webp,image/apng,*/*;q=0.8,application/signed-exchange;v=b3;q=0.7',
  'user-agent' => 'Mozilla/5.0 (Windows NT 10.0; Win64; x64) AppleWebKit/537.36 (KHTML, like Gecko) Chrome/116.0.0.0 Safari/537.36 Edg/116.0.1938.69',
  'upgrade-insecure-requests' => '1',
  'sec-ch-ua-platform' => '"Windows"',
  'sec-ch-ua-mobile' => '?0',
  'sec-ch-ua' => '"Chromium";v="116", "Not)A;Brand";v="24", "Microsoft Edge";v="116"',
  'cache-control' => 'max-age=0',
  'connection' => 'close',
  'host' => '127.0.0.1:8090',
)
[ info ] [ PARAM ] array (
)
[ error ] [0]致命错误: Class 'Org\Mail' not found[G:\WWWROOT\hackgame\app\index\controller\Index.php:8]
---------------------------------------------------------------

[2024-10-19T22:39:58+08:00] 127.0.0.1 GET 127.0.0.1:8090/hackgame/start.php
[运行时间：0.022539s] [吞吐率：44.37req/s] [内存消耗：1,731.45kb] [文件加载：60]
[ info ] [ LANG ] G:\WWWROOT\hackgame\thinkphp\lang\zh-cn.php
[ info ] [ ROUTE ] array (
)
[ info ] [ HEADER ] array (
  'accept-language' => 'zh-CN,zh;q=0.9,en;q=0.8,en-GB;q=0.7,en-US;q=0.6',
  'accept-encoding' => 'gzip, deflate, br',
  'sec-fetch-dest' => 'document',
  'sec-fetch-user' => '?1',
  'sec-fetch-mode' => 'navigate',
  'sec-fetch-site' => 'none',
  'accept' => 'text/html,application/xhtml+xml,application/xml;q=0.9,image/webp,image/apng,*/*;q=0.8,application/signed-exchange;v=b3;q=0.7',
  'user-agent' => 'Mozilla/5.0 (Windows NT 10.0; Win64; x64) AppleWebKit/537.36 (KHTML, like Gecko) Chrome/116.0.0.0 Safari/537.36 Edg/116.0.1938.69',
  'upgrade-insecure-requests' => '1',
  'sec-ch-ua-platform' => '"Windows"',
  'sec-ch-ua-mobile' => '?0',
  'sec-ch-ua' => '"Chromium";v="116", "Not)A;Brand";v="24", "Microsoft Edge";v="116"',
  'cache-control' => 'max-age=0',
  'connection' => 'close',
  'host' => '127.0.0.1:8090',
)
[ info ] [ PARAM ] array (
)
[ error ] [0]致命错误: Class 'Org\Mail' not found[G:\WWWROOT\hackgame\app\index\controller\Index.php:8]
---------------------------------------------------------------

[2024-10-19T22:39:58+08:00] 127.0.0.1 GET 127.0.0.1:8090/hackgame/start.php
[运行时间：0.018648s] [吞吐率：53.62req/s] [内存消耗：1,731.45kb] [文件加载：60]
[ info ] [ LANG ] G:\WWWROOT\hackgame\thinkphp\lang\zh-cn.php
[ info ] [ ROUTE ] array (
)
[ info ] [ HEADER ] array (
  'accept-language' => 'zh-CN,zh;q=0.9,en;q=0.8,en-GB;q=0.7,en-US;q=0.6',
  'accept-encoding' => 'gzip, deflate, br',
  'sec-fetch-dest' => 'document',
  'sec-fetch-user' => '?1',
  'sec-fetch-mode' => 'navigate',
  'sec-fetch-site' => 'none',
  'accept' => 'text/html,application/xhtml+xml,application/xml;q=0.9,image/webp,image/apng,*/*;q=0.8,application/signed-exchange;v=b3;q=0.7',
  'user-agent' => 'Mozilla/5.0 (Windows NT 10.0; Win64; x64) AppleWebKit/537.36 (KHTML, like Gecko) Chrome/116.0.0.0 Safari/537.36 Edg/116.0.1938.69',
  'upgrade-insecure-requests' => '1',
  'sec-ch-ua-platform' => '"Windows"',
  'sec-ch-ua-mobile' => '?0',
  'sec-ch-ua' => '"Chromium";v="116", "Not)A;Brand";v="24", "Microsoft Edge";v="116"',
  'cache-control' => 'max-age=0',
  'connection' => 'close',
  'host' => '127.0.0.1:8090',
)
[ info ] [ PARAM ] array (
)
[ error ] [0]致命错误: Class 'Org\Mail' not found[G:\WWWROOT\hackgame\app\index\controller\Index.php:8]
---------------------------------------------------------------

[2024-10-19T22:42:46+08:00] 127.0.0.1 GET 127.0.0.1:8090/hackgame/start.php
[运行时间：0.021953s] [吞吐率：45.55req/s] [内存消耗：1,731.45kb] [文件加载：60]
[ info ] [ LANG ] G:\WWWROOT\hackgame\thinkphp\lang\zh-cn.php
[ info ] [ ROUTE ] array (
)
[ info ] [ HEADER ] array (
  'accept-language' => 'zh-CN,zh;q=0.9,en;q=0.8,en-GB;q=0.7,en-US;q=0.6',
  'accept-encoding' => 'gzip, deflate, br',
  'sec-fetch-dest' => 'document',
  'sec-fetch-user' => '?1',
  'sec-fetch-mode' => 'navigate',
  'sec-fetch-site' => 'none',
  'accept' => 'text/html,application/xhtml+xml,application/xml;q=0.9,image/webp,image/apng,*/*;q=0.8,application/signed-exchange;v=b3;q=0.7',
  'user-agent' => 'Mozilla/5.0 (Windows NT 10.0; Win64; x64) AppleWebKit/537.36 (KHTML, like Gecko) Chrome/116.0.0.0 Safari/537.36 Edg/116.0.1938.69',
  'upgrade-insecure-requests' => '1',
  'sec-ch-ua-platform' => '"Windows"',
  'sec-ch-ua-mobile' => '?0',
  'sec-ch-ua' => '"Chromium";v="116", "Not)A;Brand";v="24", "Microsoft Edge";v="116"',
  'cache-control' => 'max-age=0',
  'connection' => 'close',
  'host' => '127.0.0.1:8090',
)
[ info ] [ PARAM ] array (
)
[ error ] [0]致命错误: Class 'Org\Mail' not found[G:\WWWROOT\hackgame\app\index\controller\Index.php:8]
---------------------------------------------------------------

[2024-10-19T22:42:56+08:00] 127.0.0.1 GET 127.0.0.1:8090/hackgame/start.php/index/index/index
[运行时间：0.018862s] [吞吐率：53.02req/s] [内存消耗：1,731.52kb] [文件加载：60]
[ info ] [ LANG ] G:\WWWROOT\hackgame\thinkphp\lang\zh-cn.php
[ info ] [ ROUTE ] array (
)
[ info ] [ HEADER ] array (
  'accept-language' => 'zh-CN,zh;q=0.9,en;q=0.8,en-GB;q=0.7,en-US;q=0.6',
  'accept-encoding' => 'gzip, deflate, br',
  'sec-fetch-dest' => 'document',
  'sec-fetch-user' => '?1',
  'sec-fetch-mode' => 'navigate',
  'sec-fetch-site' => 'none',
  'accept' => 'text/html,application/xhtml+xml,application/xml;q=0.9,image/webp,image/apng,*/*;q=0.8,application/signed-exchange;v=b3;q=0.7',
  'user-agent' => 'Mozilla/5.0 (Windows NT 10.0; Win64; x64) AppleWebKit/537.36 (KHTML, like Gecko) Chrome/116.0.0.0 Safari/537.36 Edg/116.0.1938.69',
  'upgrade-insecure-requests' => '1',
  'sec-ch-ua-platform' => '"Windows"',
  'sec-ch-ua-mobile' => '?0',
  'sec-ch-ua' => '"Chromium";v="116", "Not)A;Brand";v="24", "Microsoft Edge";v="116"',
  'connection' => 'close',
  'host' => '127.0.0.1:8090',
)
[ info ] [ PARAM ] array (
)
[ error ] [0]致命错误: Class 'Org\Mail' not found[G:\WWWROOT\hackgame\app\index\controller\Index.php:8]
---------------------------------------------------------------

[2024-10-19T22:43:46+08:00] 127.0.0.1 GET 127.0.0.1:8090/hackgame/start.php/index/index/index
[运行时间：0.017620s] [吞吐率：56.75req/s] [内存消耗：1,731.60kb] [文件加载：60]
[ info ] [ LANG ] G:\WWWROOT\hackgame\thinkphp\lang\zh-cn.php
[ info ] [ ROUTE ] array (
)
[ info ] [ HEADER ] array (
  'accept-language' => 'zh-CN,zh;q=0.9,en;q=0.8,en-GB;q=0.7,en-US;q=0.6',
  'accept-encoding' => 'gzip, deflate, br',
  'sec-fetch-dest' => 'document',
  'sec-fetch-user' => '?1',
  'sec-fetch-mode' => 'navigate',
  'sec-fetch-site' => 'none',
  'accept' => 'text/html,application/xhtml+xml,application/xml;q=0.9,image/webp,image/apng,*/*;q=0.8,application/signed-exchange;v=b3;q=0.7',
  'user-agent' => 'Mozilla/5.0 (Windows NT 10.0; Win64; x64) AppleWebKit/537.36 (KHTML, like Gecko) Chrome/116.0.0.0 Safari/537.36 Edg/116.0.1938.69',
  'upgrade-insecure-requests' => '1',
  'sec-ch-ua-platform' => '"Windows"',
  'sec-ch-ua-mobile' => '?0',
  'sec-ch-ua' => '"Chromium";v="116", "Not)A;Brand";v="24", "Microsoft Edge";v="116"',
  'cache-control' => 'max-age=0',
  'connection' => 'close',
  'host' => '127.0.0.1:8090',
)
[ info ] [ PARAM ] array (
)
[ error ] [0]致命错误: Class 'Org\Mail' not found[G:\WWWROOT\hackgame\app\index\controller\Index.php:8]
---------------------------------------------------------------

[2024-10-19T22:44:50+08:00] 127.0.0.1 GET 127.0.0.1:8090/hackgame/start.php/rss/jianshu/data
[运行时间：0.021109s] [吞吐率：47.37req/s] [内存消耗：1,681.18kb] [文件加载：56]
[ info ] [ LANG ] G:\WWWROOT\hackgame\thinkphp\lang\zh-cn.php
[ info ] [ ROUTE ] array (
)
[ info ] [ HEADER ] array (
  'accept-language' => 'zh-CN,zh;q=0.9,en;q=0.8,en-GB;q=0.7,en-US;q=0.6',
  'accept-encoding' => 'gzip, deflate, br',
  'sec-fetch-dest' => 'document',
  'sec-fetch-user' => '?1',
  'sec-fetch-mode' => 'navigate',
  'sec-fetch-site' => 'none',
  'accept' => 'text/html,application/xhtml+xml,application/xml;q=0.9,image/webp,image/apng,*/*;q=0.8,application/signed-exchange;v=b3;q=0.7',
  'user-agent' => 'Mozilla/5.0 (Windows NT 10.0; Win64; x64) AppleWebKit/537.36 (KHTML, like Gecko) Chrome/116.0.0.0 Safari/537.36 Edg/116.0.1938.69',
  'upgrade-insecure-requests' => '1',
  'sec-ch-ua-platform' => '"Windows"',
  'sec-ch-ua-mobile' => '?0',
  'sec-ch-ua' => '"Chromium";v="116", "Not)A;Brand";v="24", "Microsoft Edge";v="116"',
  'connection' => 'close',
  'host' => '127.0.0.1:8090',
)
[ info ] [ PARAM ] array (
)
---------------------------------------------------------------

[2024-10-19T22:47:49+08:00] 127.0.0.1 GET 127.0.0.1:8090/hackgame/start.php/index/index/index
[运行时间：0.022857s] [吞吐率：43.75req/s] [内存消耗：1,731.60kb] [文件加载：60]
[ info ] [ LANG ] G:\WWWROOT\hackgame\thinkphp\lang\zh-cn.php
[ info ] [ ROUTE ] array (
)
[ info ] [ HEADER ] array (
  'accept-language' => 'zh-CN,zh;q=0.9,en;q=0.8,en-GB;q=0.7,en-US;q=0.6',
  'accept-encoding' => 'gzip, deflate, br',
  'sec-fetch-dest' => 'document',
  'sec-fetch-user' => '?1',
  'sec-fetch-mode' => 'navigate',
  'sec-fetch-site' => 'none',
  'accept' => 'text/html,application/xhtml+xml,application/xml;q=0.9,image/webp,image/apng,*/*;q=0.8,application/signed-exchange;v=b3;q=0.7',
  'user-agent' => 'Mozilla/5.0 (Windows NT 10.0; Win64; x64) AppleWebKit/537.36 (KHTML, like Gecko) Chrome/116.0.0.0 Safari/537.36 Edg/116.0.1938.69',
  'upgrade-insecure-requests' => '1',
  'sec-ch-ua-platform' => '"Windows"',
  'sec-ch-ua-mobile' => '?0',
  'sec-ch-ua' => '"Chromium";v="116", "Not)A;Brand";v="24", "Microsoft Edge";v="116"',
  'cache-control' => 'max-age=0',
  'connection' => 'close',
  'host' => '127.0.0.1:8090',
)
[ info ] [ PARAM ] array (
)
[ error ] [0]致命错误: Class 'Org\Mail' not found[G:\WWWROOT\hackgame\app\index\controller\Index.php:8]
---------------------------------------------------------------

[2024-10-19T22:47:51+08:00] 127.0.0.1 GET 127.0.0.1:8090/hackgame/start.php/index/index/index
[运行时间：0.021622s] [吞吐率：46.25req/s] [内存消耗：1,731.60kb] [文件加载：60]
[ info ] [ LANG ] G:\WWWROOT\hackgame\thinkphp\lang\zh-cn.php
[ info ] [ ROUTE ] array (
)
[ info ] [ HEADER ] array (
  'accept-language' => 'zh-CN,zh;q=0.9,en;q=0.8,en-GB;q=0.7,en-US;q=0.6',
  'accept-encoding' => 'gzip, deflate, br',
  'sec-fetch-dest' => 'document',
  'sec-fetch-user' => '?1',
  'sec-fetch-mode' => 'navigate',
  'sec-fetch-site' => 'none',
  'accept' => 'text/html,application/xhtml+xml,application/xml;q=0.9,image/webp,image/apng,*/*;q=0.8,application/signed-exchange;v=b3;q=0.7',
  'user-agent' => 'Mozilla/5.0 (Windows NT 10.0; Win64; x64) AppleWebKit/537.36 (KHTML, like Gecko) Chrome/116.0.0.0 Safari/537.36 Edg/116.0.1938.69',
  'upgrade-insecure-requests' => '1',
  'sec-ch-ua-platform' => '"Windows"',
  'sec-ch-ua-mobile' => '?0',
  'sec-ch-ua' => '"Chromium";v="116", "Not)A;Brand";v="24", "Microsoft Edge";v="116"',
  'cache-control' => 'max-age=0',
  'connection' => 'close',
  'host' => '127.0.0.1:8090',
)
[ info ] [ PARAM ] array (
)
[ error ] [0]致命错误: Class 'Org\Mail' not found[G:\WWWROOT\hackgame\app\index\controller\Index.php:8]
---------------------------------------------------------------

[2024-10-19T22:48:50+08:00] 127.0.0.1 GET 127.0.0.1:8090/hackgame/start.php/index/index/index
[运行时间：0.021956s] [吞吐率：45.55req/s] [内存消耗：1,736.48kb] [文件加载：61]
[ info ] [ LANG ] G:\WWWROOT\hackgame\thinkphp\lang\zh-cn.php
[ info ] [ ROUTE ] array (
)
[ info ] [ HEADER ] array (
  'accept-language' => 'zh-CN,zh;q=0.9,en;q=0.8,en-GB;q=0.7,en-US;q=0.6',
  'accept-encoding' => 'gzip, deflate, br',
  'sec-fetch-dest' => 'document',
  'sec-fetch-user' => '?1',
  'sec-fetch-mode' => 'navigate',
  'sec-fetch-site' => 'none',
  'accept' => 'text/html,application/xhtml+xml,application/xml;q=0.9,image/webp,image/apng,*/*;q=0.8,application/signed-exchange;v=b3;q=0.7',
  'user-agent' => 'Mozilla/5.0 (Windows NT 10.0; Win64; x64) AppleWebKit/537.36 (KHTML, like Gecko) Chrome/116.0.0.0 Safari/537.36 Edg/116.0.1938.69',
  'upgrade-insecure-requests' => '1',
  'sec-ch-ua-platform' => '"Windows"',
  'sec-ch-ua-mobile' => '?0',
  'sec-ch-ua' => '"Chromium";v="116", "Not)A;Brand";v="24", "Microsoft Edge";v="116"',
  'cache-control' => 'max-age=0',
  'connection' => 'close',
  'host' => '127.0.0.1:8090',
)
[ info ] [ PARAM ] array (
)
[ error ] [0]致命错误: Class 'PHPMailer\PHPMailer\PHPMailer' not found[G:\WWWROOT\hackgame\app\common\Mail.php:26]
---------------------------------------------------------------

[2024-10-19T22:49:21+08:00] 127.0.0.1 GET 127.0.0.1:8090/hackgame/start.php/index/index/index
[运行时间：0.018898s] [吞吐率：52.92req/s] [内存消耗：1,736.44kb] [文件加载：61]
[ info ] [ LANG ] G:\WWWROOT\hackgame\thinkphp\lang\zh-cn.php
[ info ] [ ROUTE ] array (
)
[ info ] [ HEADER ] array (
  'accept-language' => 'zh-CN,zh;q=0.9,en;q=0.8,en-GB;q=0.7,en-US;q=0.6',
  'accept-encoding' => 'gzip, deflate, br',
  'sec-fetch-dest' => 'document',
  'sec-fetch-user' => '?1',
  'sec-fetch-mode' => 'navigate',
  'sec-fetch-site' => 'none',
  'accept' => 'text/html,application/xhtml+xml,application/xml;q=0.9,image/webp,image/apng,*/*;q=0.8,application/signed-exchange;v=b3;q=0.7',
  'user-agent' => 'Mozilla/5.0 (Windows NT 10.0; Win64; x64) AppleWebKit/537.36 (KHTML, like Gecko) Chrome/116.0.0.0 Safari/537.36 Edg/116.0.1938.69',
  'upgrade-insecure-requests' => '1',
  'sec-ch-ua-platform' => '"Windows"',
  'sec-ch-ua-mobile' => '?0',
  'sec-ch-ua' => '"Chromium";v="116", "Not)A;Brand";v="24", "Microsoft Edge";v="116"',
  'cache-control' => 'max-age=0',
  'connection' => 'close',
  'host' => '127.0.0.1:8090',
)
[ info ] [ PARAM ] array (
)
[ error ] [0]致命错误: Class 'PHPMailer\PHPMailer' not found[G:\WWWROOT\hackgame\app\common\Mail.php:26]
---------------------------------------------------------------

[2024-10-19T22:49:36+08:00] 127.0.0.1 GET 127.0.0.1:8090/hackgame/start.php/index/index/index
[运行时间：0.018144s] [吞吐率：55.11req/s] [内存消耗：1,736.48kb] [文件加载：61]
[ info ] [ LANG ] G:\WWWROOT\hackgame\thinkphp\lang\zh-cn.php
[ info ] [ ROUTE ] array (
)
[ info ] [ HEADER ] array (
  'accept-language' => 'zh-CN,zh;q=0.9,en;q=0.8,en-GB;q=0.7,en-US;q=0.6',
  'accept-encoding' => 'gzip, deflate, br',
  'sec-fetch-dest' => 'document',
  'sec-fetch-user' => '?1',
  'sec-fetch-mode' => 'navigate',
  'sec-fetch-site' => 'none',
  'accept' => 'text/html,application/xhtml+xml,application/xml;q=0.9,image/webp,image/apng,*/*;q=0.8,application/signed-exchange;v=b3;q=0.7',
  'user-agent' => 'Mozilla/5.0 (Windows NT 10.0; Win64; x64) AppleWebKit/537.36 (KHTML, like Gecko) Chrome/116.0.0.0 Safari/537.36 Edg/116.0.1938.69',
  'upgrade-insecure-requests' => '1',
  'sec-ch-ua-platform' => '"Windows"',
  'sec-ch-ua-mobile' => '?0',
  'sec-ch-ua' => '"Chromium";v="116", "Not)A;Brand";v="24", "Microsoft Edge";v="116"',
  'cache-control' => 'max-age=0',
  'connection' => 'close',
  'host' => '127.0.0.1:8090',
)
[ info ] [ PARAM ] array (
)
[ error ] [0]致命错误: Class 'PHPMailer\PHPMailer\PHPMailer' not found[G:\WWWROOT\hackgame\app\common\Mail.php:26]
---------------------------------------------------------------

[2024-10-19T22:49:41+08:00] 127.0.0.1 GET 127.0.0.1:8090/hackgame/start.php/index/index/index
[运行时间：0.021756s] [吞吐率：45.96req/s] [内存消耗：1,736.44kb] [文件加载：61]
[ info ] [ LANG ] G:\WWWROOT\hackgame\thinkphp\lang\zh-cn.php
[ info ] [ ROUTE ] array (
)
[ info ] [ HEADER ] array (
  'accept-language' => 'zh-CN,zh;q=0.9,en;q=0.8,en-GB;q=0.7,en-US;q=0.6',
  'accept-encoding' => 'gzip, deflate, br',
  'sec-fetch-dest' => 'document',
  'sec-fetch-user' => '?1',
  'sec-fetch-mode' => 'navigate',
  'sec-fetch-site' => 'none',
  'accept' => 'text/html,application/xhtml+xml,application/xml;q=0.9,image/webp,image/apng,*/*;q=0.8,application/signed-exchange;v=b3;q=0.7',
  'user-agent' => 'Mozilla/5.0 (Windows NT 10.0; Win64; x64) AppleWebKit/537.36 (KHTML, like Gecko) Chrome/116.0.0.0 Safari/537.36 Edg/116.0.1938.69',
  'upgrade-insecure-requests' => '1',
  'sec-ch-ua-platform' => '"Windows"',
  'sec-ch-ua-mobile' => '?0',
  'sec-ch-ua' => '"Chromium";v="116", "Not)A;Brand";v="24", "Microsoft Edge";v="116"',
  'cache-control' => 'max-age=0',
  'connection' => 'close',
  'host' => '127.0.0.1:8090',
)
[ info ] [ PARAM ] array (
)
[ error ] [0]致命错误: Class 'PHPMailer\PHPMailer' not found[G:\WWWROOT\hackgame\app\common\Mail.php:26]
---------------------------------------------------------------

[2024-10-19T22:49:47+08:00] 127.0.0.1 GET 127.0.0.1:8090/hackgame/start.php/index/index/index
[运行时间：0.019034s] [吞吐率：52.54req/s] [内存消耗：1,736.39kb] [文件加载：61]
[ info ] [ LANG ] G:\WWWROOT\hackgame\thinkphp\lang\zh-cn.php
[ info ] [ ROUTE ] array (
)
[ info ] [ HEADER ] array (
  'accept-language' => 'zh-CN,zh;q=0.9,en;q=0.8,en-GB;q=0.7,en-US;q=0.6',
  'accept-encoding' => 'gzip, deflate, br',
  'sec-fetch-dest' => 'document',
  'sec-fetch-user' => '?1',
  'sec-fetch-mode' => 'navigate',
  'sec-fetch-site' => 'none',
  'accept' => 'text/html,application/xhtml+xml,application/xml;q=0.9,image/webp,image/apng,*/*;q=0.8,application/signed-exchange;v=b3;q=0.7',
  'user-agent' => 'Mozilla/5.0 (Windows NT 10.0; Win64; x64) AppleWebKit/537.36 (KHTML, like Gecko) Chrome/116.0.0.0 Safari/537.36 Edg/116.0.1938.69',
  'upgrade-insecure-requests' => '1',
  'sec-ch-ua-platform' => '"Windows"',
  'sec-ch-ua-mobile' => '?0',
  'sec-ch-ua' => '"Chromium";v="116", "Not)A;Brand";v="24", "Microsoft Edge";v="116"',
  'cache-control' => 'max-age=0',
  'connection' => 'close',
  'host' => '127.0.0.1:8090',
)
[ info ] [ PARAM ] array (
)
[ error ] [0]致命错误: Class 'PHPMailer' not found[G:\WWWROOT\hackgame\app\common\Mail.php:26]
---------------------------------------------------------------

[2024-10-19T22:51:02+08:00] 127.0.0.1 GET 127.0.0.1:8090/hackgame/start.php/index/index/index
[运行时间：0.021606s] [吞吐率：46.28req/s] [内存消耗：1,736.58kb] [文件加载：61]
[ info ] [ LANG ] G:\WWWROOT\hackgame\thinkphp\lang\zh-cn.php
[ info ] [ ROUTE ] array (
)
[ info ] [ HEADER ] array (
  'accept-language' => 'zh-CN,zh;q=0.9,en;q=0.8,en-GB;q=0.7,en-US;q=0.6',
  'accept-encoding' => 'gzip, deflate, br',
  'sec-fetch-dest' => 'document',
  'sec-fetch-user' => '?1',
  'sec-fetch-mode' => 'navigate',
  'sec-fetch-site' => 'none',
  'accept' => 'text/html,application/xhtml+xml,application/xml;q=0.9,image/webp,image/apng,*/*;q=0.8,application/signed-exchange;v=b3;q=0.7',
  'user-agent' => 'Mozilla/5.0 (Windows NT 10.0; Win64; x64) AppleWebKit/537.36 (KHTML, like Gecko) Chrome/116.0.0.0 Safari/537.36 Edg/116.0.1938.69',
  'upgrade-insecure-requests' => '1',
  'sec-ch-ua-platform' => '"Windows"',
  'sec-ch-ua-mobile' => '?0',
  'sec-ch-ua' => '"Chromium";v="116", "Not)A;Brand";v="24", "Microsoft Edge";v="116"',
  'cache-control' => 'max-age=0',
  'connection' => 'close',
  'host' => '127.0.0.1:8090',
)
[ info ] [ PARAM ] array (
)
[ error ] [0]致命错误: Class 'PHPMailer\PHPMailer\PHPMailer' not found[G:\WWWROOT\hackgame\app\common\Mail.php:26]
---------------------------------------------------------------

[2024-10-19T22:51:23+08:00] 127.0.0.1 GET 127.0.0.1:8090/hackgame/start.php/index/index/index
[运行时间：0.018670s] [吞吐率：53.56req/s] [内存消耗：1,736.48kb] [文件加载：61]
[ info ] [ LANG ] G:\WWWROOT\hackgame\thinkphp\lang\zh-cn.php
[ info ] [ ROUTE ] array (
)
[ info ] [ HEADER ] array (
  'accept-language' => 'zh-CN,zh;q=0.9,en;q=0.8,en-GB;q=0.7,en-US;q=0.6',
  'accept-encoding' => 'gzip, deflate, br',
  'sec-fetch-dest' => 'document',
  'sec-fetch-user' => '?1',
  'sec-fetch-mode' => 'navigate',
  'sec-fetch-site' => 'none',
  'accept' => 'text/html,application/xhtml+xml,application/xml;q=0.9,image/webp,image/apng,*/*;q=0.8,application/signed-exchange;v=b3;q=0.7',
  'user-agent' => 'Mozilla/5.0 (Windows NT 10.0; Win64; x64) AppleWebKit/537.36 (KHTML, like Gecko) Chrome/116.0.0.0 Safari/537.36 Edg/116.0.1938.69',
  'upgrade-insecure-requests' => '1',
  'sec-ch-ua-platform' => '"Windows"',
  'sec-ch-ua-mobile' => '?0',
  'sec-ch-ua' => '"Chromium";v="116", "Not)A;Brand";v="24", "Microsoft Edge";v="116"',
  'cache-control' => 'max-age=0',
  'connection' => 'close',
  'host' => '127.0.0.1:8090',
)
[ info ] [ PARAM ] array (
)
[ error ] [0]致命错误: Class 'PHPMailer\PHPMailer\PHPMailer' not found[G:\WWWROOT\hackgame\app\common\Mail.php:26]
---------------------------------------------------------------

[2024-10-19T22:51:57+08:00] 127.0.0.1 GET 127.0.0.1:8090/hackgame/start.php/index/index/index
[运行时间：0.018449s] [吞吐率：54.20req/s] [内存消耗：1,736.58kb] [文件加载：61]
[ info ] [ LANG ] G:\WWWROOT\hackgame\thinkphp\lang\zh-cn.php
[ info ] [ ROUTE ] array (
)
[ info ] [ HEADER ] array (
  'accept-language' => 'zh-CN,zh;q=0.9,en;q=0.8,en-GB;q=0.7,en-US;q=0.6',
  'accept-encoding' => 'gzip, deflate, br',
  'sec-fetch-dest' => 'document',
  'sec-fetch-user' => '?1',
  'sec-fetch-mode' => 'navigate',
  'sec-fetch-site' => 'none',
  'accept' => 'text/html,application/xhtml+xml,application/xml;q=0.9,image/webp,image/apng,*/*;q=0.8,application/signed-exchange;v=b3;q=0.7',
  'user-agent' => 'Mozilla/5.0 (Windows NT 10.0; Win64; x64) AppleWebKit/537.36 (KHTML, like Gecko) Chrome/116.0.0.0 Safari/537.36 Edg/116.0.1938.69',
  'upgrade-insecure-requests' => '1',
  'sec-ch-ua-platform' => '"Windows"',
  'sec-ch-ua-mobile' => '?0',
  'sec-ch-ua' => '"Chromium";v="116", "Not)A;Brand";v="24", "Microsoft Edge";v="116"',
  'cache-control' => 'max-age=0',
  'connection' => 'close',
  'host' => '127.0.0.1:8090',
)
[ info ] [ PARAM ] array (
)
[ error ] [0]致命错误: Class 'PHPMailer\PHPMailer\PHPMailer' not found[G:\WWWROOT\hackgame\app\common\Mail.php:26]
---------------------------------------------------------------

[2024-10-19T22:51:58+08:00] 127.0.0.1 GET 127.0.0.1:8090/hackgame/start.php/index/index/index
[运行时间：0.018363s] [吞吐率：54.46req/s] [内存消耗：1,736.58kb] [文件加载：61]
[ info ] [ LANG ] G:\WWWROOT\hackgame\thinkphp\lang\zh-cn.php
[ info ] [ ROUTE ] array (
)
[ info ] [ HEADER ] array (
  'accept-language' => 'zh-CN,zh;q=0.9,en;q=0.8,en-GB;q=0.7,en-US;q=0.6',
  'accept-encoding' => 'gzip, deflate, br',
  'sec-fetch-dest' => 'document',
  'sec-fetch-user' => '?1',
  'sec-fetch-mode' => 'navigate',
  'sec-fetch-site' => 'none',
  'accept' => 'text/html,application/xhtml+xml,application/xml;q=0.9,image/webp,image/apng,*/*;q=0.8,application/signed-exchange;v=b3;q=0.7',
  'user-agent' => 'Mozilla/5.0 (Windows NT 10.0; Win64; x64) AppleWebKit/537.36 (KHTML, like Gecko) Chrome/116.0.0.0 Safari/537.36 Edg/116.0.1938.69',
  'upgrade-insecure-requests' => '1',
  'sec-ch-ua-platform' => '"Windows"',
  'sec-ch-ua-mobile' => '?0',
  'sec-ch-ua' => '"Chromium";v="116", "Not)A;Brand";v="24", "Microsoft Edge";v="116"',
  'cache-control' => 'max-age=0',
  'connection' => 'close',
  'host' => '127.0.0.1:8090',
)
[ info ] [ PARAM ] array (
)
[ error ] [0]致命错误: Class 'PHPMailer\PHPMailer\PHPMailer' not found[G:\WWWROOT\hackgame\app\common\Mail.php:26]
---------------------------------------------------------------

[2024-10-19T22:52:04+08:00] 127.0.0.1 GET 127.0.0.1:8090/hackgame/start.php/index/index/index
[运行时间：0.017793s] [吞吐率：56.20req/s] [内存消耗：1,736.48kb] [文件加载：61]
[ info ] [ LANG ] G:\WWWROOT\hackgame\thinkphp\lang\zh-cn.php
[ info ] [ ROUTE ] array (
)
[ info ] [ HEADER ] array (
  'accept-language' => 'zh-CN,zh;q=0.9,en;q=0.8,en-GB;q=0.7,en-US;q=0.6',
  'accept-encoding' => 'gzip, deflate, br',
  'sec-fetch-dest' => 'document',
  'sec-fetch-user' => '?1',
  'sec-fetch-mode' => 'navigate',
  'sec-fetch-site' => 'none',
  'accept' => 'text/html,application/xhtml+xml,application/xml;q=0.9,image/webp,image/apng,*/*;q=0.8,application/signed-exchange;v=b3;q=0.7',
  'user-agent' => 'Mozilla/5.0 (Windows NT 10.0; Win64; x64) AppleWebKit/537.36 (KHTML, like Gecko) Chrome/116.0.0.0 Safari/537.36 Edg/116.0.1938.69',
  'upgrade-insecure-requests' => '1',
  'sec-ch-ua-platform' => '"Windows"',
  'sec-ch-ua-mobile' => '?0',
  'sec-ch-ua' => '"Chromium";v="116", "Not)A;Brand";v="24", "Microsoft Edge";v="116"',
  'cache-control' => 'max-age=0',
  'connection' => 'close',
  'host' => '127.0.0.1:8090',
)
[ info ] [ PARAM ] array (
)
[ error ] [0]致命错误: Class 'PHPMailer\PHPMailer\PHPMailer' not found[G:\WWWROOT\hackgame\app\common\Mail.php:26]
---------------------------------------------------------------

[2024-10-19T22:54:27+08:00] 127.0.0.1 GET 127.0.0.1:8090/hackgame/start.php/index/index/index
[运行时间：0.019961s] [吞吐率：50.10req/s] [内存消耗：1,736.48kb] [文件加载：61]
[ info ] [ LANG ] G:\WWWROOT\hackgame\thinkphp\lang\zh-cn.php
[ info ] [ ROUTE ] array (
)
[ info ] [ HEADER ] array (
  'accept-language' => 'zh-CN,zh;q=0.9,en;q=0.8,en-GB;q=0.7,en-US;q=0.6',
  'accept-encoding' => 'gzip, deflate, br',
  'sec-fetch-dest' => 'document',
  'sec-fetch-user' => '?1',
  'sec-fetch-mode' => 'navigate',
  'sec-fetch-site' => 'none',
  'accept' => 'text/html,application/xhtml+xml,application/xml;q=0.9,image/webp,image/apng,*/*;q=0.8,application/signed-exchange;v=b3;q=0.7',
  'user-agent' => 'Mozilla/5.0 (Windows NT 10.0; Win64; x64) AppleWebKit/537.36 (KHTML, like Gecko) Chrome/116.0.0.0 Safari/537.36 Edg/116.0.1938.69',
  'upgrade-insecure-requests' => '1',
  'sec-ch-ua-platform' => '"Windows"',
  'sec-ch-ua-mobile' => '?0',
  'sec-ch-ua' => '"Chromium";v="116", "Not)A;Brand";v="24", "Microsoft Edge";v="116"',
  'cache-control' => 'max-age=0',
  'connection' => 'close',
  'host' => '127.0.0.1:8090',
)
[ info ] [ PARAM ] array (
)
[ error ] [0]致命错误: Class 'PHPMailer\PHPMailer\PHPMailer' not found[G:\WWWROOT\hackgame\app\common\Mail.php:26]
---------------------------------------------------------------

[2024-10-19T22:54:34+08:00] 127.0.0.1 GET 127.0.0.1:8090/hackgame/start.php/index/Index/index
[运行时间：0.018890s] [吞吐率：52.94req/s] [内存消耗：1,736.41kb] [文件加载：61]
[ info ] [ LANG ] G:\WWWROOT\hackgame\thinkphp\lang\zh-cn.php
[ info ] [ ROUTE ] array (
)
[ info ] [ HEADER ] array (
  'accept-language' => 'zh-CN,zh;q=0.9,en;q=0.8,en-GB;q=0.7,en-US;q=0.6',
  'accept-encoding' => 'gzip, deflate, br',
  'sec-fetch-dest' => 'document',
  'sec-fetch-user' => '?1',
  'sec-fetch-mode' => 'navigate',
  'sec-fetch-site' => 'none',
  'accept' => 'text/html,application/xhtml+xml,application/xml;q=0.9,image/webp,image/apng,*/*;q=0.8,application/signed-exchange;v=b3;q=0.7',
  'user-agent' => 'Mozilla/5.0 (Windows NT 10.0; Win64; x64) AppleWebKit/537.36 (KHTML, like Gecko) Chrome/116.0.0.0 Safari/537.36 Edg/116.0.1938.69',
  'upgrade-insecure-requests' => '1',
  'sec-ch-ua-platform' => '"Windows"',
  'sec-ch-ua-mobile' => '?0',
  'sec-ch-ua' => '"Chromium";v="116", "Not)A;Brand";v="24", "Microsoft Edge";v="116"',
  'connection' => 'close',
  'host' => '127.0.0.1:8090',
)
[ info ] [ PARAM ] array (
)
[ error ] [0]致命错误: Class 'PHPMailer\PHPMailer\PHPMailer' not found[G:\WWWROOT\hackgame\app\common\Mail.php:26]
---------------------------------------------------------------

[2024-10-19T22:55:37+08:00] 127.0.0.1 GET 127.0.0.1:8090/hackgame/start.php/index/Index/index
[运行时间：0.020194s] [吞吐率：49.52req/s] [内存消耗：1,736.48kb] [文件加载：61]
[ info ] [ LANG ] G:\WWWROOT\hackgame\thinkphp\lang\zh-cn.php
[ info ] [ ROUTE ] array (
)
[ info ] [ HEADER ] array (
  'accept-language' => 'zh-CN,zh;q=0.9,en;q=0.8,en-GB;q=0.7,en-US;q=0.6',
  'accept-encoding' => 'gzip, deflate, br',
  'sec-fetch-dest' => 'document',
  'sec-fetch-user' => '?1',
  'sec-fetch-mode' => 'navigate',
  'sec-fetch-site' => 'none',
  'accept' => 'text/html,application/xhtml+xml,application/xml;q=0.9,image/webp,image/apng,*/*;q=0.8,application/signed-exchange;v=b3;q=0.7',
  'user-agent' => 'Mozilla/5.0 (Windows NT 10.0; Win64; x64) AppleWebKit/537.36 (KHTML, like Gecko) Chrome/116.0.0.0 Safari/537.36 Edg/116.0.1938.69',
  'upgrade-insecure-requests' => '1',
  'sec-ch-ua-platform' => '"Windows"',
  'sec-ch-ua-mobile' => '?0',
  'sec-ch-ua' => '"Chromium";v="116", "Not)A;Brand";v="24", "Microsoft Edge";v="116"',
  'cache-control' => 'max-age=0',
  'connection' => 'close',
  'host' => '127.0.0.1:8090',
)
[ info ] [ PARAM ] array (
)
[ error ] [0]致命错误: Class 'PHPMailer\PHPMailer\PHPMailer' not found[G:\WWWROOT\hackgame\app\common\Mail.php:26]
---------------------------------------------------------------

[2024-10-19T22:55:38+08:00] 127.0.0.1 GET 127.0.0.1:8090/hackgame/start.php/index/Index/index
[运行时间：0.018406s] [吞吐率：54.33req/s] [内存消耗：1,736.48kb] [文件加载：61]
[ info ] [ LANG ] G:\WWWROOT\hackgame\thinkphp\lang\zh-cn.php
[ info ] [ ROUTE ] array (
)
[ info ] [ HEADER ] array (
  'accept-language' => 'zh-CN,zh;q=0.9,en;q=0.8,en-GB;q=0.7,en-US;q=0.6',
  'accept-encoding' => 'gzip, deflate, br',
  'sec-fetch-dest' => 'document',
  'sec-fetch-user' => '?1',
  'sec-fetch-mode' => 'navigate',
  'sec-fetch-site' => 'none',
  'accept' => 'text/html,application/xhtml+xml,application/xml;q=0.9,image/webp,image/apng,*/*;q=0.8,application/signed-exchange;v=b3;q=0.7',
  'user-agent' => 'Mozilla/5.0 (Windows NT 10.0; Win64; x64) AppleWebKit/537.36 (KHTML, like Gecko) Chrome/116.0.0.0 Safari/537.36 Edg/116.0.1938.69',
  'upgrade-insecure-requests' => '1',
  'sec-ch-ua-platform' => '"Windows"',
  'sec-ch-ua-mobile' => '?0',
  'sec-ch-ua' => '"Chromium";v="116", "Not)A;Brand";v="24", "Microsoft Edge";v="116"',
  'cache-control' => 'max-age=0',
  'connection' => 'close',
  'host' => '127.0.0.1:8090',
)
[ info ] [ PARAM ] array (
)
[ error ] [0]致命错误: Class 'PHPMailer\PHPMailer\PHPMailer' not found[G:\WWWROOT\hackgame\app\common\Mail.php:26]
---------------------------------------------------------------

[2024-10-19T22:58:11+08:00] 127.0.0.1 GET 127.0.0.1:8090/hackgame/start.php/index/Index/index
[运行时间：0.022476s] [吞吐率：44.49req/s] [内存消耗：1,736.48kb] [文件加载：61]
[ info ] [ LANG ] G:\WWWROOT\hackgame\thinkphp\lang\zh-cn.php
[ info ] [ ROUTE ] array (
)
[ info ] [ HEADER ] array (
  'accept-language' => 'zh-CN,zh;q=0.9,en;q=0.8,en-GB;q=0.7,en-US;q=0.6',
  'accept-encoding' => 'gzip, deflate, br',
  'sec-fetch-dest' => 'document',
  'sec-fetch-user' => '?1',
  'sec-fetch-mode' => 'navigate',
  'sec-fetch-site' => 'none',
  'accept' => 'text/html,application/xhtml+xml,application/xml;q=0.9,image/webp,image/apng,*/*;q=0.8,application/signed-exchange;v=b3;q=0.7',
  'user-agent' => 'Mozilla/5.0 (Windows NT 10.0; Win64; x64) AppleWebKit/537.36 (KHTML, like Gecko) Chrome/116.0.0.0 Safari/537.36 Edg/116.0.1938.69',
  'upgrade-insecure-requests' => '1',
  'sec-ch-ua-platform' => '"Windows"',
  'sec-ch-ua-mobile' => '?0',
  'sec-ch-ua' => '"Chromium";v="116", "Not)A;Brand";v="24", "Microsoft Edge";v="116"',
  'cache-control' => 'max-age=0',
  'connection' => 'close',
  'host' => '127.0.0.1:8090',
)
[ info ] [ PARAM ] array (
)
[ error ] [0]致命错误: Class 'PHPMailer\PHPMailer\PHPMailer' not found[G:\WWWROOT\hackgame\app\common\Mail.php:26]
---------------------------------------------------------------

[2024-10-19T23:00:11+08:00] 127.0.0.1 GET 127.0.0.1:8090/hackgame/start.php/index/Index/index
[运行时间：0.019106s] [吞吐率：52.34req/s] [内存消耗：1,736.48kb] [文件加载：61]
[ info ] [ LANG ] G:\WWWROOT\hackgame\thinkphp\lang\zh-cn.php
[ info ] [ ROUTE ] array (
)
[ info ] [ HEADER ] array (
  'accept-language' => 'zh-CN,zh;q=0.9,en;q=0.8,en-GB;q=0.7,en-US;q=0.6',
  'accept-encoding' => 'gzip, deflate, br',
  'sec-fetch-dest' => 'document',
  'sec-fetch-user' => '?1',
  'sec-fetch-mode' => 'navigate',
  'sec-fetch-site' => 'none',
  'accept' => 'text/html,application/xhtml+xml,application/xml;q=0.9,image/webp,image/apng,*/*;q=0.8,application/signed-exchange;v=b3;q=0.7',
  'user-agent' => 'Mozilla/5.0 (Windows NT 10.0; Win64; x64) AppleWebKit/537.36 (KHTML, like Gecko) Chrome/116.0.0.0 Safari/537.36 Edg/116.0.1938.69',
  'upgrade-insecure-requests' => '1',
  'sec-ch-ua-platform' => '"Windows"',
  'sec-ch-ua-mobile' => '?0',
  'sec-ch-ua' => '"Chromium";v="116", "Not)A;Brand";v="24", "Microsoft Edge";v="116"',
  'cache-control' => 'max-age=0',
  'connection' => 'close',
  'host' => '127.0.0.1:8090',
)
[ info ] [ PARAM ] array (
)
[ error ] [0]致命错误: Class 'PHPMailer\PHPMailer\PHPMailer' not found[G:\WWWROOT\hackgame\app\common\Mail.php:26]
---------------------------------------------------------------

[2024-10-19T23:00:12+08:00] 127.0.0.1 GET 127.0.0.1:8090/hackgame/start.php/index/Index/index
[运行时间：0.023445s] [吞吐率：42.65req/s] [内存消耗：1,736.48kb] [文件加载：61]
[ info ] [ LANG ] G:\WWWROOT\hackgame\thinkphp\lang\zh-cn.php
[ info ] [ ROUTE ] array (
)
[ info ] [ HEADER ] array (
  'accept-language' => 'zh-CN,zh;q=0.9,en;q=0.8,en-GB;q=0.7,en-US;q=0.6',
  'accept-encoding' => 'gzip, deflate, br',
  'sec-fetch-dest' => 'document',
  'sec-fetch-user' => '?1',
  'sec-fetch-mode' => 'navigate',
  'sec-fetch-site' => 'none',
  'accept' => 'text/html,application/xhtml+xml,application/xml;q=0.9,image/webp,image/apng,*/*;q=0.8,application/signed-exchange;v=b3;q=0.7',
  'user-agent' => 'Mozilla/5.0 (Windows NT 10.0; Win64; x64) AppleWebKit/537.36 (KHTML, like Gecko) Chrome/116.0.0.0 Safari/537.36 Edg/116.0.1938.69',
  'upgrade-insecure-requests' => '1',
  'sec-ch-ua-platform' => '"Windows"',
  'sec-ch-ua-mobile' => '?0',
  'sec-ch-ua' => '"Chromium";v="116", "Not)A;Brand";v="24", "Microsoft Edge";v="116"',
  'cache-control' => 'max-age=0',
  'connection' => 'close',
  'host' => '127.0.0.1:8090',
)
[ info ] [ PARAM ] array (
)
[ error ] [0]致命错误: Class 'PHPMailer\PHPMailer\PHPMailer' not found[G:\WWWROOT\hackgame\app\common\Mail.php:26]
---------------------------------------------------------------

[2024-10-19T23:10:56+08:00] 127.0.0.1 GET 127.0.0.1:8090/hackgame/start.php/index/Index/index
[运行时间：0.021175s] [吞吐率：47.23req/s] [内存消耗：1,736.48kb] [文件加载：61]
[ info ] [ LANG ] G:\WWWROOT\hackgame\thinkphp\lang\zh-cn.php
[ info ] [ ROUTE ] array (
)
[ info ] [ HEADER ] array (
  'accept-language' => 'zh-CN,zh;q=0.9,en;q=0.8,en-GB;q=0.7,en-US;q=0.6',
  'accept-encoding' => 'gzip, deflate, br',
  'sec-fetch-dest' => 'document',
  'sec-fetch-user' => '?1',
  'sec-fetch-mode' => 'navigate',
  'sec-fetch-site' => 'none',
  'accept' => 'text/html,application/xhtml+xml,application/xml;q=0.9,image/webp,image/apng,*/*;q=0.8,application/signed-exchange;v=b3;q=0.7',
  'user-agent' => 'Mozilla/5.0 (Windows NT 10.0; Win64; x64) AppleWebKit/537.36 (KHTML, like Gecko) Chrome/116.0.0.0 Safari/537.36 Edg/116.0.1938.69',
  'upgrade-insecure-requests' => '1',
  'sec-ch-ua-platform' => '"Windows"',
  'sec-ch-ua-mobile' => '?0',
  'sec-ch-ua' => '"Chromium";v="116", "Not)A;Brand";v="24", "Microsoft Edge";v="116"',
  'cache-control' => 'max-age=0',
  'connection' => 'close',
  'host' => '127.0.0.1:8090',
)
[ info ] [ PARAM ] array (
)
[ error ] [0]致命错误: Class 'PHPMailer\PHPMailer\PHPMailer' not found[G:\WWWROOT\hackgame\app\common\Mail.php:26]
---------------------------------------------------------------

[2024-10-19T23:14:35+08:00] 127.0.0.1 GET 127.0.0.1:8090/hackgame/start.php/index/Index/index
[运行时间：0.021855s] [吞吐率：45.76req/s] [内存消耗：1,736.48kb] [文件加载：61]
[ info ] [ LANG ] G:\WWWROOT\hackgame\thinkphp\lang\zh-cn.php
[ info ] [ ROUTE ] array (
)
[ info ] [ HEADER ] array (
  'accept-language' => 'zh-CN,zh;q=0.9,en;q=0.8,en-GB;q=0.7,en-US;q=0.6',
  'accept-encoding' => 'gzip, deflate, br',
  'sec-fetch-dest' => 'document',
  'sec-fetch-user' => '?1',
  'sec-fetch-mode' => 'navigate',
  'sec-fetch-site' => 'none',
  'accept' => 'text/html,application/xhtml+xml,application/xml;q=0.9,image/webp,image/apng,*/*;q=0.8,application/signed-exchange;v=b3;q=0.7',
  'user-agent' => 'Mozilla/5.0 (Windows NT 10.0; Win64; x64) AppleWebKit/537.36 (KHTML, like Gecko) Chrome/116.0.0.0 Safari/537.36 Edg/116.0.1938.69',
  'upgrade-insecure-requests' => '1',
  'sec-ch-ua-platform' => '"Windows"',
  'sec-ch-ua-mobile' => '?0',
  'sec-ch-ua' => '"Chromium";v="116", "Not)A;Brand";v="24", "Microsoft Edge";v="116"',
  'cache-control' => 'max-age=0',
  'connection' => 'close',
  'host' => '127.0.0.1:8090',
)
[ info ] [ PARAM ] array (
)
[ error ] [0]致命错误: Class 'PHPMailer\PHPMailer\PHPMailer' not found[G:\WWWROOT\hackgame\app\common\Mail.php:26]
---------------------------------------------------------------

[2024-10-19T23:14:36+08:00] 127.0.0.1 GET 127.0.0.1:8090/hackgame/start.php/index/Index/index
[运行时间：0.019624s] [吞吐率：50.96req/s] [内存消耗：1,736.48kb] [文件加载：61]
[ info ] [ LANG ] G:\WWWROOT\hackgame\thinkphp\lang\zh-cn.php
[ info ] [ ROUTE ] array (
)
[ info ] [ HEADER ] array (
  'accept-language' => 'zh-CN,zh;q=0.9,en;q=0.8,en-GB;q=0.7,en-US;q=0.6',
  'accept-encoding' => 'gzip, deflate, br',
  'sec-fetch-dest' => 'document',
  'sec-fetch-user' => '?1',
  'sec-fetch-mode' => 'navigate',
  'sec-fetch-site' => 'none',
  'accept' => 'text/html,application/xhtml+xml,application/xml;q=0.9,image/webp,image/apng,*/*;q=0.8,application/signed-exchange;v=b3;q=0.7',
  'user-agent' => 'Mozilla/5.0 (Windows NT 10.0; Win64; x64) AppleWebKit/537.36 (KHTML, like Gecko) Chrome/116.0.0.0 Safari/537.36 Edg/116.0.1938.69',
  'upgrade-insecure-requests' => '1',
  'sec-ch-ua-platform' => '"Windows"',
  'sec-ch-ua-mobile' => '?0',
  'sec-ch-ua' => '"Chromium";v="116", "Not)A;Brand";v="24", "Microsoft Edge";v="116"',
  'cache-control' => 'max-age=0',
  'connection' => 'close',
  'host' => '127.0.0.1:8090',
)
[ info ] [ PARAM ] array (
)
[ error ] [0]致命错误: Class 'PHPMailer\PHPMailer\PHPMailer' not found[G:\WWWROOT\hackgame\app\common\Mail.php:26]
---------------------------------------------------------------

[2024-10-19T23:14:36+08:00] 127.0.0.1 GET 127.0.0.1:8090/hackgame/start.php/index/Index/index
[运行时间：0.020160s] [吞吐率：49.60req/s] [内存消耗：1,736.48kb] [文件加载：61]
[ info ] [ LANG ] G:\WWWROOT\hackgame\thinkphp\lang\zh-cn.php
[ info ] [ ROUTE ] array (
)
[ info ] [ HEADER ] array (
  'accept-language' => 'zh-CN,zh;q=0.9,en;q=0.8,en-GB;q=0.7,en-US;q=0.6',
  'accept-encoding' => 'gzip, deflate, br',
  'sec-fetch-dest' => 'document',
  'sec-fetch-user' => '?1',
  'sec-fetch-mode' => 'navigate',
  'sec-fetch-site' => 'none',
  'accept' => 'text/html,application/xhtml+xml,application/xml;q=0.9,image/webp,image/apng,*/*;q=0.8,application/signed-exchange;v=b3;q=0.7',
  'user-agent' => 'Mozilla/5.0 (Windows NT 10.0; Win64; x64) AppleWebKit/537.36 (KHTML, like Gecko) Chrome/116.0.0.0 Safari/537.36 Edg/116.0.1938.69',
  'upgrade-insecure-requests' => '1',
  'sec-ch-ua-platform' => '"Windows"',
  'sec-ch-ua-mobile' => '?0',
  'sec-ch-ua' => '"Chromium";v="116", "Not)A;Brand";v="24", "Microsoft Edge";v="116"',
  'cache-control' => 'max-age=0',
  'connection' => 'close',
  'host' => '127.0.0.1:8090',
)
[ info ] [ PARAM ] array (
)
[ error ] [0]致命错误: Class 'PHPMailer\PHPMailer\PHPMailer' not found[G:\WWWROOT\hackgame\app\common\Mail.php:26]
---------------------------------------------------------------

[2024-10-19T23:14:36+08:00] 127.0.0.1 GET 127.0.0.1:8090/hackgame/start.php/index/Index/index
[运行时间：0.024933s] [吞吐率：40.11req/s] [内存消耗：1,736.48kb] [文件加载：61]
[ info ] [ LANG ] G:\WWWROOT\hackgame\thinkphp\lang\zh-cn.php
[ info ] [ ROUTE ] array (
)
[ info ] [ HEADER ] array (
  'accept-language' => 'zh-CN,zh;q=0.9,en;q=0.8,en-GB;q=0.7,en-US;q=0.6',
  'accept-encoding' => 'gzip, deflate, br',
  'sec-fetch-dest' => 'document',
  'sec-fetch-user' => '?1',
  'sec-fetch-mode' => 'navigate',
  'sec-fetch-site' => 'none',
  'accept' => 'text/html,application/xhtml+xml,application/xml;q=0.9,image/webp,image/apng,*/*;q=0.8,application/signed-exchange;v=b3;q=0.7',
  'user-agent' => 'Mozilla/5.0 (Windows NT 10.0; Win64; x64) AppleWebKit/537.36 (KHTML, like Gecko) Chrome/116.0.0.0 Safari/537.36 Edg/116.0.1938.69',
  'upgrade-insecure-requests' => '1',
  'sec-ch-ua-platform' => '"Windows"',
  'sec-ch-ua-mobile' => '?0',
  'sec-ch-ua' => '"Chromium";v="116", "Not)A;Brand";v="24", "Microsoft Edge";v="116"',
  'cache-control' => 'max-age=0',
  'connection' => 'close',
  'host' => '127.0.0.1:8090',
)
[ info ] [ PARAM ] array (
)
[ error ] [0]致命错误: Class 'PHPMailer\PHPMailer\PHPMailer' not found[G:\WWWROOT\hackgame\app\common\Mail.php:26]
---------------------------------------------------------------

[2024-10-19T23:14:36+08:00] 127.0.0.1 GET 127.0.0.1:8090/hackgame/start.php/index/Index/index
[运行时间：0.020728s] [吞吐率：48.24req/s] [内存消耗：1,736.48kb] [文件加载：61]
[ info ] [ LANG ] G:\WWWROOT\hackgame\thinkphp\lang\zh-cn.php
[ info ] [ ROUTE ] array (
)
[ info ] [ HEADER ] array (
  'accept-language' => 'zh-CN,zh;q=0.9,en;q=0.8,en-GB;q=0.7,en-US;q=0.6',
  'accept-encoding' => 'gzip, deflate, br',
  'sec-fetch-dest' => 'document',
  'sec-fetch-user' => '?1',
  'sec-fetch-mode' => 'navigate',
  'sec-fetch-site' => 'none',
  'accept' => 'text/html,application/xhtml+xml,application/xml;q=0.9,image/webp,image/apng,*/*;q=0.8,application/signed-exchange;v=b3;q=0.7',
  'user-agent' => 'Mozilla/5.0 (Windows NT 10.0; Win64; x64) AppleWebKit/537.36 (KHTML, like Gecko) Chrome/116.0.0.0 Safari/537.36 Edg/116.0.1938.69',
  'upgrade-insecure-requests' => '1',
  'sec-ch-ua-platform' => '"Windows"',
  'sec-ch-ua-mobile' => '?0',
  'sec-ch-ua' => '"Chromium";v="116", "Not)A;Brand";v="24", "Microsoft Edge";v="116"',
  'cache-control' => 'max-age=0',
  'connection' => 'close',
  'host' => '127.0.0.1:8090',
)
[ info ] [ PARAM ] array (
)
[ error ] [0]致命错误: Class 'PHPMailer\PHPMailer\PHPMailer' not found[G:\WWWROOT\hackgame\app\common\Mail.php:26]
---------------------------------------------------------------

[2024-10-19T23:14:37+08:00] 127.0.0.1 GET 127.0.0.1:8090/hackgame/start.php/index/Index/index
[运行时间：0.019055s] [吞吐率：52.48req/s] [内存消耗：1,736.48kb] [文件加载：61]
[ info ] [ LANG ] G:\WWWROOT\hackgame\thinkphp\lang\zh-cn.php
[ info ] [ ROUTE ] array (
)
[ info ] [ HEADER ] array (
  'accept-language' => 'zh-CN,zh;q=0.9,en;q=0.8,en-GB;q=0.7,en-US;q=0.6',
  'accept-encoding' => 'gzip, deflate, br',
  'sec-fetch-dest' => 'document',
  'sec-fetch-user' => '?1',
  'sec-fetch-mode' => 'navigate',
  'sec-fetch-site' => 'none',
  'accept' => 'text/html,application/xhtml+xml,application/xml;q=0.9,image/webp,image/apng,*/*;q=0.8,application/signed-exchange;v=b3;q=0.7',
  'user-agent' => 'Mozilla/5.0 (Windows NT 10.0; Win64; x64) AppleWebKit/537.36 (KHTML, like Gecko) Chrome/116.0.0.0 Safari/537.36 Edg/116.0.1938.69',
  'upgrade-insecure-requests' => '1',
  'sec-ch-ua-platform' => '"Windows"',
  'sec-ch-ua-mobile' => '?0',
  'sec-ch-ua' => '"Chromium";v="116", "Not)A;Brand";v="24", "Microsoft Edge";v="116"',
  'cache-control' => 'max-age=0',
  'connection' => 'close',
  'host' => '127.0.0.1:8090',
)
[ info ] [ PARAM ] array (
)
[ error ] [0]致命错误: Class 'PHPMailer\PHPMailer\PHPMailer' not found[G:\WWWROOT\hackgame\app\common\Mail.php:26]
---------------------------------------------------------------

[2024-10-19T23:14:37+08:00] 127.0.0.1 GET 127.0.0.1:8090/hackgame/start.php/index/Index/index
[运行时间：0.019768s] [吞吐率：50.59req/s] [内存消耗：1,736.48kb] [文件加载：61]
[ info ] [ LANG ] G:\WWWROOT\hackgame\thinkphp\lang\zh-cn.php
[ info ] [ ROUTE ] array (
)
[ info ] [ HEADER ] array (
  'accept-language' => 'zh-CN,zh;q=0.9,en;q=0.8,en-GB;q=0.7,en-US;q=0.6',
  'accept-encoding' => 'gzip, deflate, br',
  'sec-fetch-dest' => 'document',
  'sec-fetch-user' => '?1',
  'sec-fetch-mode' => 'navigate',
  'sec-fetch-site' => 'none',
  'accept' => 'text/html,application/xhtml+xml,application/xml;q=0.9,image/webp,image/apng,*/*;q=0.8,application/signed-exchange;v=b3;q=0.7',
  'user-agent' => 'Mozilla/5.0 (Windows NT 10.0; Win64; x64) AppleWebKit/537.36 (KHTML, like Gecko) Chrome/116.0.0.0 Safari/537.36 Edg/116.0.1938.69',
  'upgrade-insecure-requests' => '1',
  'sec-ch-ua-platform' => '"Windows"',
  'sec-ch-ua-mobile' => '?0',
  'sec-ch-ua' => '"Chromium";v="116", "Not)A;Brand";v="24", "Microsoft Edge";v="116"',
  'cache-control' => 'max-age=0',
  'connection' => 'close',
  'host' => '127.0.0.1:8090',
)
[ info ] [ PARAM ] array (
)
[ error ] [0]致命错误: Class 'PHPMailer\PHPMailer\PHPMailer' not found[G:\WWWROOT\hackgame\app\common\Mail.php:26]
---------------------------------------------------------------

[2024-10-19T23:14:37+08:00] 127.0.0.1 GET 127.0.0.1:8090/hackgame/start.php/index/Index/index
[运行时间：0.019330s] [吞吐率：51.73req/s] [内存消耗：1,736.48kb] [文件加载：61]
[ info ] [ LANG ] G:\WWWROOT\hackgame\thinkphp\lang\zh-cn.php
[ info ] [ ROUTE ] array (
)
[ info ] [ HEADER ] array (
  'accept-language' => 'zh-CN,zh;q=0.9,en;q=0.8,en-GB;q=0.7,en-US;q=0.6',
  'accept-encoding' => 'gzip, deflate, br',
  'sec-fetch-dest' => 'document',
  'sec-fetch-user' => '?1',
  'sec-fetch-mode' => 'navigate',
  'sec-fetch-site' => 'none',
  'accept' => 'text/html,application/xhtml+xml,application/xml;q=0.9,image/webp,image/apng,*/*;q=0.8,application/signed-exchange;v=b3;q=0.7',
  'user-agent' => 'Mozilla/5.0 (Windows NT 10.0; Win64; x64) AppleWebKit/537.36 (KHTML, like Gecko) Chrome/116.0.0.0 Safari/537.36 Edg/116.0.1938.69',
  'upgrade-insecure-requests' => '1',
  'sec-ch-ua-platform' => '"Windows"',
  'sec-ch-ua-mobile' => '?0',
  'sec-ch-ua' => '"Chromium";v="116", "Not)A;Brand";v="24", "Microsoft Edge";v="116"',
  'cache-control' => 'max-age=0',
  'connection' => 'close',
  'host' => '127.0.0.1:8090',
)
[ info ] [ PARAM ] array (
)
[ error ] [0]致命错误: Class 'PHPMailer\PHPMailer\PHPMailer' not found[G:\WWWROOT\hackgame\app\common\Mail.php:26]
---------------------------------------------------------------

[2024-10-19T23:14:37+08:00] 127.0.0.1 GET 127.0.0.1:8090/hackgame/start.php/index/Index/index
[运行时间：0.019997s] [吞吐率：50.01req/s] [内存消耗：1,736.48kb] [文件加载：61]
[ info ] [ LANG ] G:\WWWROOT\hackgame\thinkphp\lang\zh-cn.php
[ info ] [ ROUTE ] array (
)
[ info ] [ HEADER ] array (
  'accept-language' => 'zh-CN,zh;q=0.9,en;q=0.8,en-GB;q=0.7,en-US;q=0.6',
  'accept-encoding' => 'gzip, deflate, br',
  'sec-fetch-dest' => 'document',
  'sec-fetch-user' => '?1',
  'sec-fetch-mode' => 'navigate',
  'sec-fetch-site' => 'none',
  'accept' => 'text/html,application/xhtml+xml,application/xml;q=0.9,image/webp,image/apng,*/*;q=0.8,application/signed-exchange;v=b3;q=0.7',
  'user-agent' => 'Mozilla/5.0 (Windows NT 10.0; Win64; x64) AppleWebKit/537.36 (KHTML, like Gecko) Chrome/116.0.0.0 Safari/537.36 Edg/116.0.1938.69',
  'upgrade-insecure-requests' => '1',
  'sec-ch-ua-platform' => '"Windows"',
  'sec-ch-ua-mobile' => '?0',
  'sec-ch-ua' => '"Chromium";v="116", "Not)A;Brand";v="24", "Microsoft Edge";v="116"',
  'cache-control' => 'max-age=0',
  'connection' => 'close',
  'host' => '127.0.0.1:8090',
)
[ info ] [ PARAM ] array (
)
[ error ] [0]致命错误: Class 'PHPMailer\PHPMailer\PHPMailer' not found[G:\WWWROOT\hackgame\app\common\Mail.php:26]
---------------------------------------------------------------

[2024-10-19T23:14:37+08:00] 127.0.0.1 GET 127.0.0.1:8090/hackgame/start.php/index/Index/index
[运行时间：0.020215s] [吞吐率：49.47req/s] [内存消耗：1,736.48kb] [文件加载：61]
[ info ] [ LANG ] G:\WWWROOT\hackgame\thinkphp\lang\zh-cn.php
[ info ] [ ROUTE ] array (
)
[ info ] [ HEADER ] array (
  'accept-language' => 'zh-CN,zh;q=0.9,en;q=0.8,en-GB;q=0.7,en-US;q=0.6',
  'accept-encoding' => 'gzip, deflate, br',
  'sec-fetch-dest' => 'document',
  'sec-fetch-user' => '?1',
  'sec-fetch-mode' => 'navigate',
  'sec-fetch-site' => 'none',
  'accept' => 'text/html,application/xhtml+xml,application/xml;q=0.9,image/webp,image/apng,*/*;q=0.8,application/signed-exchange;v=b3;q=0.7',
  'user-agent' => 'Mozilla/5.0 (Windows NT 10.0; Win64; x64) AppleWebKit/537.36 (KHTML, like Gecko) Chrome/116.0.0.0 Safari/537.36 Edg/116.0.1938.69',
  'upgrade-insecure-requests' => '1',
  'sec-ch-ua-platform' => '"Windows"',
  'sec-ch-ua-mobile' => '?0',
  'sec-ch-ua' => '"Chromium";v="116", "Not)A;Brand";v="24", "Microsoft Edge";v="116"',
  'cache-control' => 'max-age=0',
  'connection' => 'close',
  'host' => '127.0.0.1:8090',
)
[ info ] [ PARAM ] array (
)
[ error ] [0]致命错误: Class 'PHPMailer\PHPMailer\PHPMailer' not found[G:\WWWROOT\hackgame\app\common\Mail.php:26]
---------------------------------------------------------------

[2024-10-19T23:14:38+08:00] 127.0.0.1 GET 127.0.0.1:8090/hackgame/start.php/index/Index/index
[运行时间：0.019761s] [吞吐率：50.61req/s] [内存消耗：1,736.48kb] [文件加载：61]
[ info ] [ LANG ] G:\WWWROOT\hackgame\thinkphp\lang\zh-cn.php
[ info ] [ ROUTE ] array (
)
[ info ] [ HEADER ] array (
  'accept-language' => 'zh-CN,zh;q=0.9,en;q=0.8,en-GB;q=0.7,en-US;q=0.6',
  'accept-encoding' => 'gzip, deflate, br',
  'sec-fetch-dest' => 'document',
  'sec-fetch-user' => '?1',
  'sec-fetch-mode' => 'navigate',
  'sec-fetch-site' => 'none',
  'accept' => 'text/html,application/xhtml+xml,application/xml;q=0.9,image/webp,image/apng,*/*;q=0.8,application/signed-exchange;v=b3;q=0.7',
  'user-agent' => 'Mozilla/5.0 (Windows NT 10.0; Win64; x64) AppleWebKit/537.36 (KHTML, like Gecko) Chrome/116.0.0.0 Safari/537.36 Edg/116.0.1938.69',
  'upgrade-insecure-requests' => '1',
  'sec-ch-ua-platform' => '"Windows"',
  'sec-ch-ua-mobile' => '?0',
  'sec-ch-ua' => '"Chromium";v="116", "Not)A;Brand";v="24", "Microsoft Edge";v="116"',
  'cache-control' => 'max-age=0',
  'connection' => 'close',
  'host' => '127.0.0.1:8090',
)
[ info ] [ PARAM ] array (
)
[ error ] [0]致命错误: Class 'PHPMailer\PHPMailer\PHPMailer' not found[G:\WWWROOT\hackgame\app\common\Mail.php:26]
---------------------------------------------------------------

[2024-10-19T23:17:31+08:00] 127.0.0.1 GET 127.0.0.1:8090/hackgame/start.php/index/Index/index
[运行时间：0.020359s] [吞吐率：49.12req/s] [内存消耗：1,736.48kb] [文件加载：61]
[ info ] [ LANG ] G:\WWWROOT\hackgame\thinkphp\lang\zh-cn.php
[ info ] [ ROUTE ] array (
)
[ info ] [ HEADER ] array (
  'accept-language' => 'zh-CN,zh;q=0.9,en;q=0.8,en-GB;q=0.7,en-US;q=0.6',
  'accept-encoding' => 'gzip, deflate, br',
  'sec-fetch-dest' => 'document',
  'sec-fetch-user' => '?1',
  'sec-fetch-mode' => 'navigate',
  'sec-fetch-site' => 'none',
  'accept' => 'text/html,application/xhtml+xml,application/xml;q=0.9,image/webp,image/apng,*/*;q=0.8,application/signed-exchange;v=b3;q=0.7',
  'user-agent' => 'Mozilla/5.0 (Windows NT 10.0; Win64; x64) AppleWebKit/537.36 (KHTML, like Gecko) Chrome/116.0.0.0 Safari/537.36 Edg/116.0.1938.69',
  'upgrade-insecure-requests' => '1',
  'sec-ch-ua-platform' => '"Windows"',
  'sec-ch-ua-mobile' => '?0',
  'sec-ch-ua' => '"Chromium";v="116", "Not)A;Brand";v="24", "Microsoft Edge";v="116"',
  'cache-control' => 'max-age=0',
  'connection' => 'close',
  'host' => '127.0.0.1:8090',
)
[ info ] [ PARAM ] array (
)
[ error ] [0]致命错误: Class 'PHPMailer\PHPMailer\PHPMailer' not found[G:\WWWROOT\hackgame\app\common\Mail.php:26]
---------------------------------------------------------------

[2024-10-19T23:17:32+08:00] 127.0.0.1 GET 127.0.0.1:8090/hackgame/start.php/index/Index/index
[运行时间：0.018895s] [吞吐率：52.92req/s] [内存消耗：1,736.48kb] [文件加载：61]
[ info ] [ LANG ] G:\WWWROOT\hackgame\thinkphp\lang\zh-cn.php
[ info ] [ ROUTE ] array (
)
[ info ] [ HEADER ] array (
  'accept-language' => 'zh-CN,zh;q=0.9,en;q=0.8,en-GB;q=0.7,en-US;q=0.6',
  'accept-encoding' => 'gzip, deflate, br',
  'sec-fetch-dest' => 'document',
  'sec-fetch-user' => '?1',
  'sec-fetch-mode' => 'navigate',
  'sec-fetch-site' => 'none',
  'accept' => 'text/html,application/xhtml+xml,application/xml;q=0.9,image/webp,image/apng,*/*;q=0.8,application/signed-exchange;v=b3;q=0.7',
  'user-agent' => 'Mozilla/5.0 (Windows NT 10.0; Win64; x64) AppleWebKit/537.36 (KHTML, like Gecko) Chrome/116.0.0.0 Safari/537.36 Edg/116.0.1938.69',
  'upgrade-insecure-requests' => '1',
  'sec-ch-ua-platform' => '"Windows"',
  'sec-ch-ua-mobile' => '?0',
  'sec-ch-ua' => '"Chromium";v="116", "Not)A;Brand";v="24", "Microsoft Edge";v="116"',
  'cache-control' => 'max-age=0',
  'connection' => 'close',
  'host' => '127.0.0.1:8090',
)
[ info ] [ PARAM ] array (
)
[ error ] [0]致命错误: Class 'PHPMailer\PHPMailer\PHPMailer' not found[G:\WWWROOT\hackgame\app\common\Mail.php:26]
---------------------------------------------------------------

[2024-10-19T23:17:32+08:00] 127.0.0.1 GET 127.0.0.1:8090/hackgame/start.php/index/Index/index
[运行时间：0.018594s] [吞吐率：53.78req/s] [内存消耗：1,736.48kb] [文件加载：61]
[ info ] [ LANG ] G:\WWWROOT\hackgame\thinkphp\lang\zh-cn.php
[ info ] [ ROUTE ] array (
)
[ info ] [ HEADER ] array (
  'accept-language' => 'zh-CN,zh;q=0.9,en;q=0.8,en-GB;q=0.7,en-US;q=0.6',
  'accept-encoding' => 'gzip, deflate, br',
  'sec-fetch-dest' => 'document',
  'sec-fetch-user' => '?1',
  'sec-fetch-mode' => 'navigate',
  'sec-fetch-site' => 'none',
  'accept' => 'text/html,application/xhtml+xml,application/xml;q=0.9,image/webp,image/apng,*/*;q=0.8,application/signed-exchange;v=b3;q=0.7',
  'user-agent' => 'Mozilla/5.0 (Windows NT 10.0; Win64; x64) AppleWebKit/537.36 (KHTML, like Gecko) Chrome/116.0.0.0 Safari/537.36 Edg/116.0.1938.69',
  'upgrade-insecure-requests' => '1',
  'sec-ch-ua-platform' => '"Windows"',
  'sec-ch-ua-mobile' => '?0',
  'sec-ch-ua' => '"Chromium";v="116", "Not)A;Brand";v="24", "Microsoft Edge";v="116"',
  'cache-control' => 'max-age=0',
  'connection' => 'close',
  'host' => '127.0.0.1:8090',
)
[ info ] [ PARAM ] array (
)
[ error ] [0]致命错误: Class 'PHPMailer\PHPMailer\PHPMailer' not found[G:\WWWROOT\hackgame\app\common\Mail.php:26]
---------------------------------------------------------------

[2024-10-19T23:17:32+08:00] 127.0.0.1 GET 127.0.0.1:8090/hackgame/start.php/index/Index/index
[运行时间：0.017580s] [吞吐率：56.88req/s] [内存消耗：1,736.48kb] [文件加载：61]
[ info ] [ LANG ] G:\WWWROOT\hackgame\thinkphp\lang\zh-cn.php
[ info ] [ ROUTE ] array (
)
[ info ] [ HEADER ] array (
  'accept-language' => 'zh-CN,zh;q=0.9,en;q=0.8,en-GB;q=0.7,en-US;q=0.6',
  'accept-encoding' => 'gzip, deflate, br',
  'sec-fetch-dest' => 'document',
  'sec-fetch-user' => '?1',
  'sec-fetch-mode' => 'navigate',
  'sec-fetch-site' => 'none',
  'accept' => 'text/html,application/xhtml+xml,application/xml;q=0.9,image/webp,image/apng,*/*;q=0.8,application/signed-exchange;v=b3;q=0.7',
  'user-agent' => 'Mozilla/5.0 (Windows NT 10.0; Win64; x64) AppleWebKit/537.36 (KHTML, like Gecko) Chrome/116.0.0.0 Safari/537.36 Edg/116.0.1938.69',
  'upgrade-insecure-requests' => '1',
  'sec-ch-ua-platform' => '"Windows"',
  'sec-ch-ua-mobile' => '?0',
  'sec-ch-ua' => '"Chromium";v="116", "Not)A;Brand";v="24", "Microsoft Edge";v="116"',
  'cache-control' => 'max-age=0',
  'connection' => 'close',
  'host' => '127.0.0.1:8090',
)
[ info ] [ PARAM ] array (
)
[ error ] [0]致命错误: Class 'PHPMailer\PHPMailer\PHPMailer' not found[G:\WWWROOT\hackgame\app\common\Mail.php:26]
---------------------------------------------------------------

[2024-10-19T23:17:32+08:00] 127.0.0.1 GET 127.0.0.1:8090/hackgame/start.php/index/Index/index
[运行时间：0.019482s] [吞吐率：51.33req/s] [内存消耗：1,736.48kb] [文件加载：61]
[ info ] [ LANG ] G:\WWWROOT\hackgame\thinkphp\lang\zh-cn.php
[ info ] [ ROUTE ] array (
)
[ info ] [ HEADER ] array (
  'accept-language' => 'zh-CN,zh;q=0.9,en;q=0.8,en-GB;q=0.7,en-US;q=0.6',
  'accept-encoding' => 'gzip, deflate, br',
  'sec-fetch-dest' => 'document',
  'sec-fetch-user' => '?1',
  'sec-fetch-mode' => 'navigate',
  'sec-fetch-site' => 'none',
  'accept' => 'text/html,application/xhtml+xml,application/xml;q=0.9,image/webp,image/apng,*/*;q=0.8,application/signed-exchange;v=b3;q=0.7',
  'user-agent' => 'Mozilla/5.0 (Windows NT 10.0; Win64; x64) AppleWebKit/537.36 (KHTML, like Gecko) Chrome/116.0.0.0 Safari/537.36 Edg/116.0.1938.69',
  'upgrade-insecure-requests' => '1',
  'sec-ch-ua-platform' => '"Windows"',
  'sec-ch-ua-mobile' => '?0',
  'sec-ch-ua' => '"Chromium";v="116", "Not)A;Brand";v="24", "Microsoft Edge";v="116"',
  'cache-control' => 'max-age=0',
  'connection' => 'close',
  'host' => '127.0.0.1:8090',
)
[ info ] [ PARAM ] array (
)
[ error ] [0]致命错误: Class 'PHPMailer\PHPMailer\PHPMailer' not found[G:\WWWROOT\hackgame\app\common\Mail.php:26]
---------------------------------------------------------------

[2024-10-19T23:17:33+08:00] 127.0.0.1 GET 127.0.0.1:8090/hackgame/start.php/index/Index/index
[运行时间：0.021996s] [吞吐率：45.46req/s] [内存消耗：1,736.48kb] [文件加载：61]
[ info ] [ LANG ] G:\WWWROOT\hackgame\thinkphp\lang\zh-cn.php
[ info ] [ ROUTE ] array (
)
[ info ] [ HEADER ] array (
  'accept-language' => 'zh-CN,zh;q=0.9,en;q=0.8,en-GB;q=0.7,en-US;q=0.6',
  'accept-encoding' => 'gzip, deflate, br',
  'sec-fetch-dest' => 'document',
  'sec-fetch-user' => '?1',
  'sec-fetch-mode' => 'navigate',
  'sec-fetch-site' => 'none',
  'accept' => 'text/html,application/xhtml+xml,application/xml;q=0.9,image/webp,image/apng,*/*;q=0.8,application/signed-exchange;v=b3;q=0.7',
  'user-agent' => 'Mozilla/5.0 (Windows NT 10.0; Win64; x64) AppleWebKit/537.36 (KHTML, like Gecko) Chrome/116.0.0.0 Safari/537.36 Edg/116.0.1938.69',
  'upgrade-insecure-requests' => '1',
  'sec-ch-ua-platform' => '"Windows"',
  'sec-ch-ua-mobile' => '?0',
  'sec-ch-ua' => '"Chromium";v="116", "Not)A;Brand";v="24", "Microsoft Edge";v="116"',
  'cache-control' => 'max-age=0',
  'connection' => 'close',
  'host' => '127.0.0.1:8090',
)
[ info ] [ PARAM ] array (
)
[ error ] [0]致命错误: Class 'PHPMailer\PHPMailer\PHPMailer' not found[G:\WWWROOT\hackgame\app\common\Mail.php:26]
---------------------------------------------------------------

[2024-10-19T23:17:33+08:00] 127.0.0.1 GET 127.0.0.1:8090/hackgame/start.php/index/Index/index
[运行时间：0.028016s] [吞吐率：35.69req/s] [内存消耗：1,736.48kb] [文件加载：61]
[ info ] [ LANG ] G:\WWWROOT\hackgame\thinkphp\lang\zh-cn.php
[ info ] [ ROUTE ] array (
)
[ info ] [ HEADER ] array (
  'accept-language' => 'zh-CN,zh;q=0.9,en;q=0.8,en-GB;q=0.7,en-US;q=0.6',
  'accept-encoding' => 'gzip, deflate, br',
  'sec-fetch-dest' => 'document',
  'sec-fetch-user' => '?1',
  'sec-fetch-mode' => 'navigate',
  'sec-fetch-site' => 'none',
  'accept' => 'text/html,application/xhtml+xml,application/xml;q=0.9,image/webp,image/apng,*/*;q=0.8,application/signed-exchange;v=b3;q=0.7',
  'user-agent' => 'Mozilla/5.0 (Windows NT 10.0; Win64; x64) AppleWebKit/537.36 (KHTML, like Gecko) Chrome/116.0.0.0 Safari/537.36 Edg/116.0.1938.69',
  'upgrade-insecure-requests' => '1',
  'sec-ch-ua-platform' => '"Windows"',
  'sec-ch-ua-mobile' => '?0',
  'sec-ch-ua' => '"Chromium";v="116", "Not)A;Brand";v="24", "Microsoft Edge";v="116"',
  'cache-control' => 'max-age=0',
  'connection' => 'close',
  'host' => '127.0.0.1:8090',
)
[ info ] [ PARAM ] array (
)
[ error ] [0]致命错误: Class 'PHPMailer\PHPMailer\PHPMailer' not found[G:\WWWROOT\hackgame\app\common\Mail.php:26]
---------------------------------------------------------------

[2024-10-19T23:17:33+08:00] 127.0.0.1 GET 127.0.0.1:8090/hackgame/start.php/index/Index/index
[运行时间：0.022035s] [吞吐率：45.38req/s] [内存消耗：1,736.48kb] [文件加载：61]
[ info ] [ LANG ] G:\WWWROOT\hackgame\thinkphp\lang\zh-cn.php
[ info ] [ ROUTE ] array (
)
[ info ] [ HEADER ] array (
  'accept-language' => 'zh-CN,zh;q=0.9,en;q=0.8,en-GB;q=0.7,en-US;q=0.6',
  'accept-encoding' => 'gzip, deflate, br',
  'sec-fetch-dest' => 'document',
  'sec-fetch-user' => '?1',
  'sec-fetch-mode' => 'navigate',
  'sec-fetch-site' => 'none',
  'accept' => 'text/html,application/xhtml+xml,application/xml;q=0.9,image/webp,image/apng,*/*;q=0.8,application/signed-exchange;v=b3;q=0.7',
  'user-agent' => 'Mozilla/5.0 (Windows NT 10.0; Win64; x64) AppleWebKit/537.36 (KHTML, like Gecko) Chrome/116.0.0.0 Safari/537.36 Edg/116.0.1938.69',
  'upgrade-insecure-requests' => '1',
  'sec-ch-ua-platform' => '"Windows"',
  'sec-ch-ua-mobile' => '?0',
  'sec-ch-ua' => '"Chromium";v="116", "Not)A;Brand";v="24", "Microsoft Edge";v="116"',
  'cache-control' => 'max-age=0',
  'connection' => 'close',
  'host' => '127.0.0.1:8090',
)
[ info ] [ PARAM ] array (
)
[ error ] [0]致命错误: Class 'PHPMailer\PHPMailer\PHPMailer' not found[G:\WWWROOT\hackgame\app\common\Mail.php:26]
---------------------------------------------------------------

[2024-10-19T23:17:33+08:00] 127.0.0.1 GET 127.0.0.1:8090/hackgame/start.php/index/Index/index
[运行时间：0.020257s] [吞吐率：49.37req/s] [内存消耗：1,736.48kb] [文件加载：61]
[ info ] [ LANG ] G:\WWWROOT\hackgame\thinkphp\lang\zh-cn.php
[ info ] [ ROUTE ] array (
)
[ info ] [ HEADER ] array (
  'accept-language' => 'zh-CN,zh;q=0.9,en;q=0.8,en-GB;q=0.7,en-US;q=0.6',
  'accept-encoding' => 'gzip, deflate, br',
  'sec-fetch-dest' => 'document',
  'sec-fetch-user' => '?1',
  'sec-fetch-mode' => 'navigate',
  'sec-fetch-site' => 'none',
  'accept' => 'text/html,application/xhtml+xml,application/xml;q=0.9,image/webp,image/apng,*/*;q=0.8,application/signed-exchange;v=b3;q=0.7',
  'user-agent' => 'Mozilla/5.0 (Windows NT 10.0; Win64; x64) AppleWebKit/537.36 (KHTML, like Gecko) Chrome/116.0.0.0 Safari/537.36 Edg/116.0.1938.69',
  'upgrade-insecure-requests' => '1',
  'sec-ch-ua-platform' => '"Windows"',
  'sec-ch-ua-mobile' => '?0',
  'sec-ch-ua' => '"Chromium";v="116", "Not)A;Brand";v="24", "Microsoft Edge";v="116"',
  'cache-control' => 'max-age=0',
  'connection' => 'close',
  'host' => '127.0.0.1:8090',
)
[ info ] [ PARAM ] array (
)
[ error ] [0]致命错误: Class 'PHPMailer\PHPMailer\PHPMailer' not found[G:\WWWROOT\hackgame\app\common\Mail.php:26]
---------------------------------------------------------------

[2024-10-19T23:23:58+08:00] 127.0.0.1 GET 127.0.0.1:8090/hackgame/start.php/index/Index/index
[运行时间：0.022130s] [吞吐率：45.19req/s] [内存消耗：1,736.48kb] [文件加载：61]
[ info ] [ LANG ] G:\WWWROOT\hackgame\thinkphp\lang\zh-cn.php
[ info ] [ ROUTE ] array (
)
[ info ] [ HEADER ] array (
  'accept-language' => 'zh-CN,zh;q=0.9,en;q=0.8,en-GB;q=0.7,en-US;q=0.6',
  'accept-encoding' => 'gzip, deflate, br',
  'sec-fetch-dest' => 'document',
  'sec-fetch-user' => '?1',
  'sec-fetch-mode' => 'navigate',
  'sec-fetch-site' => 'none',
  'accept' => 'text/html,application/xhtml+xml,application/xml;q=0.9,image/webp,image/apng,*/*;q=0.8,application/signed-exchange;v=b3;q=0.7',
  'user-agent' => 'Mozilla/5.0 (Windows NT 10.0; Win64; x64) AppleWebKit/537.36 (KHTML, like Gecko) Chrome/116.0.0.0 Safari/537.36 Edg/116.0.1938.69',
  'upgrade-insecure-requests' => '1',
  'sec-ch-ua-platform' => '"Windows"',
  'sec-ch-ua-mobile' => '?0',
  'sec-ch-ua' => '"Chromium";v="116", "Not)A;Brand";v="24", "Microsoft Edge";v="116"',
  'cache-control' => 'max-age=0',
  'connection' => 'close',
  'host' => '127.0.0.1:8090',
)
[ info ] [ PARAM ] array (
)
[ error ] [0]致命错误: Class 'PHPMailer\PHPMailer\PHPMailer' not found[G:\WWWROOT\hackgame\app\common\Mail.php:26]
---------------------------------------------------------------

[2024-10-19T23:24:00+08:00] 127.0.0.1 GET 127.0.0.1:8090/hackgame/start.php/index/Index/index
[运行时间：0.019029s] [吞吐率：52.55req/s] [内存消耗：1,736.48kb] [文件加载：61]
[ info ] [ LANG ] G:\WWWROOT\hackgame\thinkphp\lang\zh-cn.php
[ info ] [ ROUTE ] array (
)
[ info ] [ HEADER ] array (
  'accept-language' => 'zh-CN,zh;q=0.9,en;q=0.8,en-GB;q=0.7,en-US;q=0.6',
  'accept-encoding' => 'gzip, deflate, br',
  'sec-fetch-dest' => 'document',
  'sec-fetch-user' => '?1',
  'sec-fetch-mode' => 'navigate',
  'sec-fetch-site' => 'none',
  'accept' => 'text/html,application/xhtml+xml,application/xml;q=0.9,image/webp,image/apng,*/*;q=0.8,application/signed-exchange;v=b3;q=0.7',
  'user-agent' => 'Mozilla/5.0 (Windows NT 10.0; Win64; x64) AppleWebKit/537.36 (KHTML, like Gecko) Chrome/116.0.0.0 Safari/537.36 Edg/116.0.1938.69',
  'upgrade-insecure-requests' => '1',
  'sec-ch-ua-platform' => '"Windows"',
  'sec-ch-ua-mobile' => '?0',
  'sec-ch-ua' => '"Chromium";v="116", "Not)A;Brand";v="24", "Microsoft Edge";v="116"',
  'cache-control' => 'max-age=0',
  'connection' => 'close',
  'host' => '127.0.0.1:8090',
)
[ info ] [ PARAM ] array (
)
[ error ] [0]致命错误: Class 'PHPMailer\PHPMailer\PHPMailer' not found[G:\WWWROOT\hackgame\app\common\Mail.php:26]
---------------------------------------------------------------

[2024-10-19T23:28:03+08:00] 127.0.0.1 GET 127.0.0.1:8090/hackgame/start.php/index/Index/index
[运行时间：0.020693s] [吞吐率：48.33req/s] [内存消耗：1,736.48kb] [文件加载：61]
[ info ] [ LANG ] G:\WWWROOT\hackgame\thinkphp\lang\zh-cn.php
[ info ] [ ROUTE ] array (
)
[ info ] [ HEADER ] array (
  'accept-language' => 'zh-CN,zh;q=0.9,en;q=0.8,en-GB;q=0.7,en-US;q=0.6',
  'accept-encoding' => 'gzip, deflate, br',
  'sec-fetch-dest' => 'document',
  'sec-fetch-user' => '?1',
  'sec-fetch-mode' => 'navigate',
  'sec-fetch-site' => 'none',
  'accept' => 'text/html,application/xhtml+xml,application/xml;q=0.9,image/webp,image/apng,*/*;q=0.8,application/signed-exchange;v=b3;q=0.7',
  'user-agent' => 'Mozilla/5.0 (Windows NT 10.0; Win64; x64) AppleWebKit/537.36 (KHTML, like Gecko) Chrome/116.0.0.0 Safari/537.36 Edg/116.0.1938.69',
  'upgrade-insecure-requests' => '1',
  'sec-ch-ua-platform' => '"Windows"',
  'sec-ch-ua-mobile' => '?0',
  'sec-ch-ua' => '"Chromium";v="116", "Not)A;Brand";v="24", "Microsoft Edge";v="116"',
  'cache-control' => 'max-age=0',
  'connection' => 'close',
  'host' => '127.0.0.1:8090',
)
[ info ] [ PARAM ] array (
)
[ error ] [0]致命错误: Class 'PHPMailer\PHPMailer\PHPMailer' not found[G:\WWWROOT\hackgame\app\common\Mail.php:26]
---------------------------------------------------------------

[2024-10-19T23:32:36+08:00] 127.0.0.1 GET 127.0.0.1:8090/hackgame/start.php/index/Index/index
[运行时间：2.787697s] [吞吐率：0.36req/s] [内存消耗：2,410.00kb] [文件加载：65]
[ info ] [ LANG ] G:\WWWROOT\hackgame\thinkphp\lang\zh-cn.php
[ info ] [ ROUTE ] array (
)
[ info ] [ HEADER ] array (
  'accept-language' => 'zh-CN,zh;q=0.9,en;q=0.8,en-GB;q=0.7,en-US;q=0.6',
  'accept-encoding' => 'gzip, deflate, br',
  'sec-fetch-dest' => 'document',
  'sec-fetch-user' => '?1',
  'sec-fetch-mode' => 'navigate',
  'sec-fetch-site' => 'none',
  'accept' => 'text/html,application/xhtml+xml,application/xml;q=0.9,image/webp,image/apng,*/*;q=0.8,application/signed-exchange;v=b3;q=0.7',
  'user-agent' => 'Mozilla/5.0 (Windows NT 10.0; Win64; x64) AppleWebKit/537.36 (KHTML, like Gecko) Chrome/116.0.0.0 Safari/537.36 Edg/116.0.1938.69',
  'upgrade-insecure-requests' => '1',
  'sec-ch-ua-platform' => '"Windows"',
  'sec-ch-ua-mobile' => '?0',
  'sec-ch-ua' => '"Chromium";v="116", "Not)A;Brand";v="24", "Microsoft Edge";v="116"',
  'cache-control' => 'max-age=0',
  'connection' => 'close',
  'host' => '127.0.0.1:8090',
)
[ info ] [ PARAM ] array (
)
---------------------------------------------------------------

[2024-10-19T23:37:03+08:00] 127.0.0.1 GET 127.0.0.1:8090/hackgame/start.php/index/Index/index
[运行时间：2.803288s] [吞吐率：0.36req/s] [内存消耗：2,410.00kb] [文件加载：65]
[ info ] [ LANG ] G:\WWWROOT\hackgame\thinkphp\lang\zh-cn.php
[ info ] [ ROUTE ] array (
)
[ info ] [ HEADER ] array (
  'accept-language' => 'zh-CN,zh;q=0.9,en;q=0.8,en-GB;q=0.7,en-US;q=0.6',
  'accept-encoding' => 'gzip, deflate, br',
  'sec-fetch-dest' => 'document',
  'sec-fetch-user' => '?1',
  'sec-fetch-mode' => 'navigate',
  'sec-fetch-site' => 'none',
  'accept' => 'text/html,application/xhtml+xml,application/xml;q=0.9,image/webp,image/apng,*/*;q=0.8,application/signed-exchange;v=b3;q=0.7',
  'user-agent' => 'Mozilla/5.0 (Windows NT 10.0; Win64; x64) AppleWebKit/537.36 (KHTML, like Gecko) Chrome/116.0.0.0 Safari/537.36 Edg/116.0.1938.69',
  'upgrade-insecure-requests' => '1',
  'sec-ch-ua-platform' => '"Windows"',
  'sec-ch-ua-mobile' => '?0',
  'sec-ch-ua' => '"Chromium";v="116", "Not)A;Brand";v="24", "Microsoft Edge";v="116"',
  'cache-control' => 'max-age=0',
  'connection' => 'close',
  'host' => '127.0.0.1:8090',
)
[ info ] [ PARAM ] array (
)
---------------------------------------------------------------

[2024-10-19T23:43:24+08:00] 127.0.0.1 GET 127.0.0.1:8090/hackgame/start.php/index/Index/index
[运行时间：2.535054s] [吞吐率：0.39req/s] [内存消耗：2,410.66kb] [文件加载：65]
[ info ] [ LANG ] G:\WWWROOT\hackgame\thinkphp\lang\zh-cn.php
[ info ] [ ROUTE ] array (
)
[ info ] [ HEADER ] array (
  'accept-language' => 'zh-CN,zh;q=0.9,en;q=0.8,en-GB;q=0.7,en-US;q=0.6',
  'accept-encoding' => 'gzip, deflate, br',
  'sec-fetch-dest' => 'document',
  'sec-fetch-user' => '?1',
  'sec-fetch-mode' => 'navigate',
  'sec-fetch-site' => 'none',
  'accept' => 'text/html,application/xhtml+xml,application/xml;q=0.9,image/webp,image/apng,*/*;q=0.8,application/signed-exchange;v=b3;q=0.7',
  'user-agent' => 'Mozilla/5.0 (Windows NT 10.0; Win64; x64) AppleWebKit/537.36 (KHTML, like Gecko) Chrome/116.0.0.0 Safari/537.36 Edg/116.0.1938.69',
  'upgrade-insecure-requests' => '1',
  'sec-ch-ua-platform' => '"Windows"',
  'sec-ch-ua-mobile' => '?0',
  'sec-ch-ua' => '"Chromium";v="116", "Not)A;Brand";v="24", "Microsoft Edge";v="116"',
  'cache-control' => 'max-age=0',
  'connection' => 'close',
  'host' => '127.0.0.1:8090',
)
[ info ] [ PARAM ] array (
)
