---------------------------------------------------------------

[2024-10-21T00:03:17+08:00] 127.0.0.1 GET 127.0.0.1:8090/hackgame/start.php/hackgame/start/first.html
[运行时间：0.033780s] [吞吐率：29.60req/s] [内存消耗：2,787.97kb] [文件加载：74]
[ info ] [ LANG ] G:\WWWROOT\hackgame\thinkphp\lang\zh-cn.php
[ info ] [ ROUTE ] array (
)
[ info ] [ HEADER ] array (
  'accept-language' => 'zh-CN,zh;q=0.9,en;q=0.8,en-GB;q=0.7,en-US;q=0.6',
  'accept-encoding' => 'gzip, deflate, br',
  'sec-fetch-dest' => 'document',
  'sec-fetch-user' => '?1',
  'sec-fetch-mode' => 'navigate',
  'sec-fetch-site' => 'none',
  'accept' => 'text/html,application/xhtml+xml,application/xml;q=0.9,image/webp,image/apng,*/*;q=0.8,application/signed-exchange;v=b3;q=0.7',
  'user-agent' => 'Mozilla/5.0 (Windows NT 10.0; Win64; x64) AppleWebKit/537.36 (KHTML, like Gecko) Chrome/116.0.0.0 Safari/537.36 Edg/116.0.1938.69',
  'upgrade-insecure-requests' => '1',
  'sec-ch-ua-platform' => '"Windows"',
  'sec-ch-ua-mobile' => '?0',
  'sec-ch-ua' => '"Chromium";v="116", "Not)A;Brand";v="24", "Microsoft Edge";v="116"',
  'cache-control' => 'max-age=0',
  'connection' => 'close',
  'host' => '127.0.0.1:8090',
)
[ info ] [ PARAM ] array (
)
[ info ] [ DB ] INIT mysql
[ info ] [ VIEW ] G:\WWWROOT\hackgame\application\hackgame\view\start\first.html [ array (
) ]
[ sql ] [ DB ] CONNECT:[ UseTime:0.001249s ] mysql:host=127.0.0.1;dbname=ihacker;charset=utf8
[ sql ] [ SQL ] SHOW COLUMNS FROM `hg_user_level` [ RunTime:0.000899s ]
[ sql ] [ SQL ] SELECT * FROM hg_user_level t1 LEFT JOIN `m_user` `t2` ON `t1`.`user_id`=`t2`.`id` WHERE  `t1`.`user_id` = 1 LIMIT 1 [ RunTime:0.000599s ]
---------------------------------------------------------------

[2024-10-21T00:08:29+08:00] 127.0.0.1 GET 127.0.0.1:8090/hackgame/start.php/hackgame/start/first.html
[运行时间：0.042328s] [吞吐率：23.63req/s] [内存消耗：2,789.39kb] [文件加载：74]
[ info ] [ LANG ] G:\WWWROOT\hackgame\thinkphp\lang\zh-cn.php
[ info ] [ ROUTE ] array (
)
[ info ] [ HEADER ] array (
  'accept-language' => 'zh-CN,zh;q=0.9,en;q=0.8,en-GB;q=0.7,en-US;q=0.6',
  'accept-encoding' => 'gzip, deflate, br',
  'sec-fetch-dest' => 'document',
  'sec-fetch-user' => '?1',
  'sec-fetch-mode' => 'navigate',
  'sec-fetch-site' => 'none',
  'accept' => 'text/html,application/xhtml+xml,application/xml;q=0.9,image/webp,image/apng,*/*;q=0.8,application/signed-exchange;v=b3;q=0.7',
  'user-agent' => 'Mozilla/5.0 (Windows NT 10.0; Win64; x64) AppleWebKit/537.36 (KHTML, like Gecko) Chrome/116.0.0.0 Safari/537.36 Edg/116.0.1938.69',
  'upgrade-insecure-requests' => '1',
  'sec-ch-ua-platform' => '"Windows"',
  'sec-ch-ua-mobile' => '?0',
  'sec-ch-ua' => '"Chromium";v="116", "Not)A;Brand";v="24", "Microsoft Edge";v="116"',
  'cache-control' => 'max-age=0',
  'connection' => 'close',
  'host' => '127.0.0.1:8090',
)
[ info ] [ PARAM ] array (
)
[ info ] [ DB ] INIT mysql
[ info ] [ VIEW ] G:\WWWROOT\hackgame\application\hackgame\view\start\first.html [ array (
) ]
[ sql ] [ DB ] CONNECT:[ UseTime:0.012479s ] mysql:host=127.0.0.1;dbname=ihacker;charset=utf8
[ sql ] [ SQL ] SHOW COLUMNS FROM `hg_user_level` [ RunTime:0.001556s ]
[ sql ] [ SQL ] SELECT `t2`.`id`,`t2`.`username`,`t2`.`password`,`t2`.`email`,`t2`.`create_time`,`t1`.`user_id`,`t1`.`level`,`t1`.`salt` FROM hg_user_level t1 LEFT JOIN `m_user` `t2` ON `t1`.`user_id`=`t2`.`id` WHERE  `t1`.`user_id` = 1 LIMIT 1 [ RunTime:0.000805s ]
---------------------------------------------------------------

[2024-10-21T00:20:22+08:00] 127.0.0.1 GET 127.0.0.1:8090/hackgame/start.php/hackgame/start/first.html
[运行时间：0.054176s] [吞吐率：18.46req/s] [内存消耗：2,789.41kb] [文件加载：74]
[ info ] [ LANG ] G:\WWWROOT\hackgame\thinkphp\lang\zh-cn.php
[ info ] [ ROUTE ] array (
)
[ info ] [ HEADER ] array (
  'accept-language' => 'zh-CN,zh;q=0.9,en;q=0.8,en-GB;q=0.7,en-US;q=0.6',
  'accept-encoding' => 'gzip, deflate, br',
  'sec-fetch-dest' => 'document',
  'sec-fetch-user' => '?1',
  'sec-fetch-mode' => 'navigate',
  'sec-fetch-site' => 'none',
  'accept' => 'text/html,application/xhtml+xml,application/xml;q=0.9,image/webp,image/apng,*/*;q=0.8,application/signed-exchange;v=b3;q=0.7',
  'user-agent' => 'Mozilla/5.0 (Windows NT 10.0; Win64; x64) AppleWebKit/537.36 (KHTML, like Gecko) Chrome/116.0.0.0 Safari/537.36 Edg/116.0.1938.69',
  'upgrade-insecure-requests' => '1',
  'sec-ch-ua-platform' => '"Windows"',
  'sec-ch-ua-mobile' => '?0',
  'sec-ch-ua' => '"Chromium";v="116", "Not)A;Brand";v="24", "Microsoft Edge";v="116"',
  'cache-control' => 'max-age=0',
  'connection' => 'close',
  'host' => '127.0.0.1:8090',
)
[ info ] [ PARAM ] array (
)
[ info ] [ DB ] INIT mysql
[ info ] [ VIEW ] G:\WWWROOT\hackgame\application\hackgame\view\start\first.html [ array (
) ]
[ sql ] [ DB ] CONNECT:[ UseTime:0.024686s ] mysql:host=127.0.0.1;dbname=ihacker;charset=utf8
[ sql ] [ SQL ] SHOW COLUMNS FROM `hg_user_level` [ RunTime:0.000893s ]
[ sql ] [ SQL ] SELECT `t2`.`id`,`t2`.`username`,`t2`.`password`,`t2`.`email`,`t2`.`create_time`,`t1`.`user_id`,`t1`.`level`,`t1`.`salt` FROM hg_user_level t1 LEFT JOIN `m_user` `t2` ON `t1`.`user_id`=`t2`.`id` WHERE  `t1`.`user_id` = 1 LIMIT 1 [ RunTime:0.000597s ]
---------------------------------------------------------------

[2024-10-21T00:55:01+08:00] 127.0.0.1 GET 127.0.0.1:8080/ihacker-node-source/start.php/hackgame/start
[运行时间：0.037278s] [吞吐率：26.83req/s] [内存消耗：2,695.54kb] [文件加载：71]
[ info ] [ LANG ] G:\GitFiles\ihacker-node-source\thinkphp\lang\zh-cn.php
[ info ] [ ROUTE ] array (
)
[ info ] [ HEADER ] array (
  'accept-language' => 'zh-CN,zh;q=0.9,en;q=0.8,en-GB;q=0.7,en-US;q=0.6',
  'accept-encoding' => 'gzip, deflate, br',
  'sec-fetch-dest' => 'document',
  'sec-fetch-user' => '?1',
  'sec-fetch-mode' => 'navigate',
  'sec-fetch-site' => 'none',
  'accept' => 'text/html,application/xhtml+xml,application/xml;q=0.9,image/webp,image/apng,*/*;q=0.8,application/signed-exchange;v=b3;q=0.7',
  'user-agent' => 'Mozilla/5.0 (Windows NT 10.0; Win64; x64) AppleWebKit/537.36 (KHTML, like Gecko) Chrome/116.0.0.0 Safari/537.36 Edg/116.0.1938.69',
  'upgrade-insecure-requests' => '1',
  'sec-ch-ua-platform' => '"Windows"',
  'sec-ch-ua-mobile' => '?0',
  'sec-ch-ua' => '"Chromium";v="116", "Not)A;Brand";v="24", "Microsoft Edge";v="116"',
  'connection' => 'close',
  'host' => '127.0.0.1:8080',
)
[ info ] [ PARAM ] array (
)
[ info ] [ DB ] INIT mysql
[ sql ] [ DB ] CONNECT:[ UseTime:0.004234s ] mysql:host=127.0.0.1;dbname=ihacker;charset=utf8
[ sql ] [ SQL ] SHOW COLUMNS FROM `hg_user_level` [ RunTime:0.003514s ]
[ sql ] [ SQL ] SELECT `t2`.`id`,`t2`.`username`,`t2`.`password`,`t2`.`email`,`t2`.`create_time`,`t1`.`user_id`,`t1`.`level`,`t1`.`salt` FROM hg_user_level t1 LEFT JOIN `m_user` `t2` ON `t1`.`user_id`=`t2`.`id` WHERE  `t1`.`user_id` = 1 LIMIT 1 [ RunTime:0.000872s ]
---------------------------------------------------------------

[2024-10-21T00:55:34+08:00] 127.0.0.1 GET 127.0.0.1:8080/ihacker-node-source/start.php/hackgame/start/first.html
[运行时间：0.031724s] [吞吐率：31.52req/s] [内存消耗：2,917.92kb] [文件加载：76]
[ info ] [ LANG ] G:\GitFiles\ihacker-node-source\thinkphp\lang\zh-cn.php
[ info ] [ ROUTE ] array (
)
[ info ] [ HEADER ] array (
  'accept-language' => 'zh-CN,zh;q=0.9,en;q=0.8,en-GB;q=0.7,en-US;q=0.6',
  'accept-encoding' => 'gzip, deflate, br',
  'sec-fetch-dest' => 'document',
  'sec-fetch-user' => '?1',
  'sec-fetch-mode' => 'navigate',
  'sec-fetch-site' => 'none',
  'accept' => 'text/html,application/xhtml+xml,application/xml;q=0.9,image/webp,image/apng,*/*;q=0.8,application/signed-exchange;v=b3;q=0.7',
  'user-agent' => 'Mozilla/5.0 (Windows NT 10.0; Win64; x64) AppleWebKit/537.36 (KHTML, like Gecko) Chrome/116.0.0.0 Safari/537.36 Edg/116.0.1938.69',
  'upgrade-insecure-requests' => '1',
  'sec-ch-ua-platform' => '"Windows"',
  'sec-ch-ua-mobile' => '?0',
  'sec-ch-ua' => '"Chromium";v="116", "Not)A;Brand";v="24", "Microsoft Edge";v="116"',
  'connection' => 'close',
  'host' => '127.0.0.1:8080',
)
[ info ] [ PARAM ] array (
)
[ info ] [ DB ] INIT mysql
[ info ] [ VIEW ] G:\GitFiles\ihacker-node-source\application\hackgame\view\start\first.html [ array (
) ]
[ sql ] [ DB ] CONNECT:[ UseTime:0.001205s ] mysql:host=127.0.0.1;dbname=ihacker;charset=utf8
[ sql ] [ SQL ] SHOW COLUMNS FROM `hg_user_level` [ RunTime:0.000753s ]
[ sql ] [ SQL ] SELECT `t2`.`id`,`t2`.`username`,`t2`.`password`,`t2`.`email`,`t2`.`create_time`,`t1`.`user_id`,`t1`.`level`,`t1`.`salt` FROM hg_user_level t1 LEFT JOIN `m_user` `t2` ON `t1`.`user_id`=`t2`.`id` WHERE  `t1`.`user_id` = 1 LIMIT 1 [ RunTime:0.000563s ]
---------------------------------------------------------------

[2024-10-21T00:57:15+08:00] 127.0.0.1 GET 127.0.0.1:8080/ihacker-node-source/start.php/hackgame/start/first.html
[运行时间：0.032864s] [吞吐率：30.43req/s] [内存消耗：2,791.35kb] [文件加载：74]
[ info ] [ LANG ] G:\GitFiles\ihacker-node-source\thinkphp\lang\zh-cn.php
[ info ] [ ROUTE ] array (
)
[ info ] [ HEADER ] array (
  'accept-language' => 'zh-CN,zh;q=0.9,en;q=0.8,en-GB;q=0.7,en-US;q=0.6',
  'accept-encoding' => 'gzip, deflate, br',
  'sec-fetch-dest' => 'document',
  'sec-fetch-user' => '?1',
  'sec-fetch-mode' => 'navigate',
  'sec-fetch-site' => 'none',
  'accept' => 'text/html,application/xhtml+xml,application/xml;q=0.9,image/webp,image/apng,*/*;q=0.8,application/signed-exchange;v=b3;q=0.7',
  'user-agent' => 'Mozilla/5.0 (Windows NT 10.0; Win64; x64) AppleWebKit/537.36 (KHTML, like Gecko) Chrome/116.0.0.0 Safari/537.36 Edg/116.0.1938.69',
  'upgrade-insecure-requests' => '1',
  'sec-ch-ua-platform' => '"Windows"',
  'sec-ch-ua-mobile' => '?0',
  'sec-ch-ua' => '"Chromium";v="116", "Not)A;Brand";v="24", "Microsoft Edge";v="116"',
  'cache-control' => 'max-age=0',
  'connection' => 'close',
  'host' => '127.0.0.1:8080',
)
[ info ] [ PARAM ] array (
)
[ info ] [ DB ] INIT mysql
[ info ] [ VIEW ] G:\GitFiles\ihacker-node-source\application\hackgame\view\start\first.html [ array (
) ]
[ sql ] [ DB ] CONNECT:[ UseTime:0.001272s ] mysql:host=127.0.0.1;dbname=ihacker;charset=utf8
[ sql ] [ SQL ] SHOW COLUMNS FROM `hg_user_level` [ RunTime:0.000932s ]
[ sql ] [ SQL ] SELECT `t2`.`id`,`t2`.`username`,`t2`.`password`,`t2`.`email`,`t2`.`create_time`,`t1`.`user_id`,`t1`.`level`,`t1`.`salt` FROM hg_user_level t1 LEFT JOIN `m_user` `t2` ON `t1`.`user_id`=`t2`.`id` WHERE  `t1`.`user_id` = 1 LIMIT 1 [ RunTime:0.000655s ]
---------------------------------------------------------------

[2024-10-21T00:57:23+08:00] 127.0.0.1 GET 127.0.0.1:8080/ihacker-node-source/start.php/hackgame/start/first.html
[运行时间：0.027534s] [吞吐率：36.32req/s] [内存消耗：2,791.20kb] [文件加载：74]
[ info ] [ LANG ] G:\GitFiles\ihacker-node-source\thinkphp\lang\zh-cn.php
[ info ] [ ROUTE ] array (
)
[ info ] [ HEADER ] array (
  'accept-language' => 'zh-CN,zh;q=0.9,en;q=0.8,en-GB;q=0.7,en-US;q=0.6',
  'accept-encoding' => 'gzip, deflate, br',
  'sec-fetch-dest' => 'document',
  'sec-fetch-mode' => 'navigate',
  'sec-fetch-site' => 'none',
  'accept' => 'text/html,application/xhtml+xml,application/xml;q=0.9,image/webp,image/apng,*/*;q=0.8,application/signed-exchange;v=b3;q=0.7',
  'user-agent' => 'Mozilla/5.0 (Windows NT 10.0; Win64; x64) AppleWebKit/537.36 (KHTML, like Gecko) Chrome/116.0.0.0 Safari/537.36 Edg/116.0.1938.69',
  'upgrade-insecure-requests' => '1',
  'sec-ch-ua-platform' => '"Windows"',
  'sec-ch-ua-mobile' => '?0',
  'sec-ch-ua' => '"Chromium";v="116", "Not)A;Brand";v="24", "Microsoft Edge";v="116"',
  'connection' => 'close',
  'host' => '127.0.0.1:8080',
)
[ info ] [ PARAM ] array (
)
[ info ] [ DB ] INIT mysql
[ info ] [ VIEW ] G:\GitFiles\ihacker-node-source\application\hackgame\view\start\first.html [ array (
) ]
[ sql ] [ DB ] CONNECT:[ UseTime:0.001154s ] mysql:host=127.0.0.1;dbname=ihacker;charset=utf8
[ sql ] [ SQL ] SHOW COLUMNS FROM `hg_user_level` [ RunTime:0.000847s ]
[ sql ] [ SQL ] SELECT `t2`.`id`,`t2`.`username`,`t2`.`password`,`t2`.`email`,`t2`.`create_time`,`t1`.`user_id`,`t1`.`level`,`t1`.`salt` FROM hg_user_level t1 LEFT JOIN `m_user` `t2` ON `t1`.`user_id`=`t2`.`id` WHERE  `t1`.`user_id` = 1 LIMIT 1 [ RunTime:0.000662s ]
